#
# A fatal error has been detected by the Java Runtime Environment:
#
#  EXCEPTION_ACCESS_VIOLATION (0xc0000005) at pc=0x0000019d87547bb0, pid=13652, tid=6192
#
# JRE version: OpenJDK Runtime Environment Temurin-21.0.7+6 (21.0.7+6) (build 21.0.7+6-LTS)
# Java VM: OpenJDK 64-Bit Server VM Temurin-21.0.7+6 (21.0.7+6-LTS, mixed mode, sharing, tiered, compressed oops, compressed class ptrs, parallel gc, windows-amd64)
# Problematic frame:
# j  org.objectweb.asm.ClassReader.readField(Lorg/objectweb/asm/ClassVisitor;Lorg/objectweb/asm/Context;I)I+385
#
# No core dump will be written. Minidumps are not enabled by default on client versions of Windows
#
# If you would like to submit a bug report, please visit:
#   https://github.com/adoptium/adoptium-support/issues
#

---------------  S U M M A R Y ------------

Command Line: --add-modules=ALL-SYSTEM --add-opens=java.base/java.util=ALL-UNNAMED --add-opens=java.base/java.lang=ALL-UNNAMED --add-opens=java.base/sun.nio.fs=ALL-UNNAMED -Declipse.application=org.eclipse.jdt.ls.core.id1 -Dosgi.bundles.defaultStartLevel=4 -Declipse.product=org.eclipse.jdt.ls.core.product -Djava.import.generatesMetadataFilesAtProjectRoot=false -DDetectVMInstallationsJob.disabled=true -Dfile.encoding=utf8 -XX:+UseParallelGC -XX:GCTimeRatio=4 -XX:AdaptiveSizePolicyWeight=90 -Dsun.zip.disableMemoryMapping=true -Xmx2G -Xms100m -Xlog:disable -javaagent:c:\Users\Aluno\.vscode\extensions\redhat.java-1.43.1-win32-x64\lombok\lombok-1.18.39-4050.jar -XX:+HeapDumpOnOutOfMemoryError -XX:HeapDumpPath=c:\Users\Aluno\AppData\Roaming\Code\User\workspaceStorage\84fe441034c6b8216b73daad4324360a\redhat.java -Daether.dependencyCollector.impl=bf c:\Users\Aluno\.vscode\extensions\redhat.java-1.43.1-win32-x64\server\plugins\org.eclipse.equinox.launcher_1.7.0.v20250519-0528.jar -configuration c:\Users\Aluno\AppData\Roaming\Code\User\globalStorage\redhat.java\1.43.1\config_win -data c:\Users\Aluno\AppData\Roaming\Code\User\workspaceStorage\84fe441034c6b8216b73daad4324360a\redhat.java\jdt_ws --pipe=\\.\pipe\lsp-56225f7f6be1d0f06c624b567c87f903-sock

Host: Intel(R) Core(TM) i3-10100T CPU @ 3.00GHz, 8 cores, 7G,  Windows 11 , 64 bit Build 22621 (10.0.22621.5415)
Time: Thu Jul 10 19:52:17 2025 Hora oficial do Brasil elapsed time: 29.615944 seconds (0d 0h 0m 29s)

---------------  T H R E A D  ---------------

Current thread (0x0000019dfc10a5b0):  JavaThread "Worker-0: Repository registry initialization"        [_thread_in_Java, id=6192, stack(0x00000075b9000000,0x00000075b9100000) (1024K)]

Stack: [0x00000075b9000000,0x00000075b9100000],  sp=0x00000075b90fc3e8,  free space=1008k
Native frames: (J=compiled Java code, j=interpreted, Vv=VM code, C=native code)
C  0x0000019d87547bb0

The last pc belongs to invokevirtual (printed below).

siginfo: EXCEPTION_ACCESS_VIOLATION (0xc0000005), reading address 0x0000019da8111b92


Registers:
RAX=0x0000019da811192a, RBX=0x0000000000000015, RCX=0x0000019df8ed81b9, RDX=0x0000000080000003
RSP=0x00000075b90fc3e8, RBP=0x00000075b90fc440, RSI=0x00000000d6168c58, RDI=0x0000000000000300
R8 =0x0000019dee190000, R9 =0x0000000000000100, R10=0x0000019d8f000000, R11=0x00000000006b0b46
R12=0x0000000000000000, R13=0x0000019df8ed81b9, R14=0x0000000000000000, R15=0x0000019dfc10a5b0
RIP=0x0000019d87547bb0, EFLAGS=0x0000000000010246

XMM[0]=0x6e697274532f676e 0x616c2f6176616a4c
XMM[1]=0xff00ff00ff00ff00 0xff00ff00ff00ff00
XMM[2]=0x006f006d007f0075 0x0077006f006f006e
XMM[3]=0x006e006900720074 0x0053002f0067006e
XMM[4]=0x000e178101b4d89f 0x34e63b4167e12cdf
XMM[5]=0x3c43dcf11fb38231 0x7e915a68aaa8b33d
XMM[6]=0xc5f505e17f3170de 0xd9f4a92744acf2b1
XMM[7]=0xca0e31af1c808bbb 0x03b550f2ce3f33b1
XMM[8]=0x058f45e5ae0e4f5a 0xb26e4da9d6d95234
XMM[9]=0xbc0e8710bc0e8710 0xbc0e8710bca19eeb
XMM[10]=0x0000000000000000 0x00000000009317db
XMM[11]=0x3d057c9b3d057c9b 0x3d057c9bf9a71b86
XMM[12]=0x0000000000000000 0x00000000bca19eeb
XMM[13]=0x0000000000000000 0x0000000000000000
XMM[14]=0x0000000000000000 0x0000000000000000
XMM[15]=0x0000000000000000 0x0000000000000000
  MXCSR=0x00001fa0


Register to memory mapping:

RAX=0x0000019da811192a is an unknown value
RBX=0x0000000000000015 is an unknown value
RCX=0x0000019df8ed81b9 is pointing into metadata
RDX=0x0000000080000003 is pointing into object: java.lang.String 
{0x0000000080000000} - klass: 'java/lang/String'
 - string: "@"
 - ---- fields (total size 3 words):
 - private 'hash' 'I' @12  0 (0x00000000)
 - private final 'coder' 'B' @16  0 (0x00)
 - private 'hashIsZero' 'Z' @17  false (0x00)
 - injected 'flags' 'B' @18  0 (0x00)
 - private final 'value' '[B' @20  [B{0x0000000080353d70} (0x80353d70)
RSP=0x00000075b90fc3e8 is pointing into the stack for thread: 0x0000019dfc10a5b0
RBP=0x00000075b90fc440 is pointing into the stack for thread: 0x0000019dfc10a5b0
RSI=0x00000000d6168c58 is an oop: [Lorg.objectweb.asm.SymbolTable$Entry; 
{0x00000000d6168c58} - klass: 'org/objectweb/asm/SymbolTable$Entry'[]
 - length: 256
RDI=0x0000000000000300 is an unknown value
R8 =0x0000019dee190000 is an unknown value
R9 =0x0000000000000100 is an unknown value
R10=0x0000019d8f000000 is pointing into metadata
R11=0x00000000006b0b46 is an unknown value
R12=0x0 is null
R13=0x0000019df8ed81b9 is pointing into metadata
R14=0x0 is null
R15=0x0000019dfc10a5b0 is a thread

Top of Stack: (sp=0x00000075b90fc3e8)
0x00000075b90fc3e8:   0000019d875386d2 00000000d6169300
0x00000075b90fc3f8:   00000075b90fc3f8 0000019df8ed81b9
0x00000075b90fc408:   0000000000000016 0000019df8edd5b8
0x00000075b90fc418:   0000000000000000 0000000080c51cb0
0x00000075b90fc428:   0000019df8ed84f8 0000000000000000
0x00000075b90fc438:   00000075b90fc4d8 00000075b90fc540
0x00000075b90fc448:   0000019d87538688 0000000000000000
0x00000075b90fc458:   0000000000000000 0000000000000000
0x00000075b90fc468:   00000000d61699a0 00000000ffffffff
0x00000075b90fc478:   0000000000000000 0000000000000000
0x00000075b90fc488:   0000000000000000 0000000000000000
0x00000075b90fc498:   0000000000000000 0000000000000000
0x00000075b90fc4a8:   0000000000000000 00000000d6169960
0x00000075b90fc4b8:   00000000d6169930 0000000000000002
0x00000075b90fc4c8:   0000000000000290 00000000d6169300
0x00000075b90fc4d8:   0000000000000288 00000000d61692a8
0x00000075b90fc4e8:   00000000d61690d0 00000000d6168a00
0x00000075b90fc4f8:   00000075b90fc4f8 0000019df8ed71fd
0x00000075b90fc508:   0000000000000022 0000019df8edd5b8
0x00000075b90fc518:   0000000000000000 0000000080c51cb0
0x00000075b90fc528:   0000019df8ed75d8 00000075b90fc4d8
0x00000075b90fc538:   00000075b90fc638 00000075b90fc6a0
0x00000075b90fc548:   0000019d87538560 0000000000000000
0x00000075b90fc558:   0000000000000002 00000000d6169580
0x00000075b90fc568:   0000000000000001 000000000000043c
0x00000075b90fc578:   0000000000000000 0000000000000000
0x00000075b90fc588:   0000000000000000 0000000000000000
0x00000075b90fc598:   0000000000000000 0000000000000000
0x00000075b90fc5a8:   0000000000000000 0000000000000000
0x00000075b90fc5b8:   0000000000000000 0000000000000000
0x00000075b90fc5c8:   0000000000000000 0000000000000000
0x00000075b90fc5d8:   0000000000000000 00000000d61695b8 

Instructions: (pc=0x0000019d87547bb0)
0x0000019d87547ab0:   75 29 48 83 78 08 00 74 1e 48 83 78 08 01 74 17
0x0000019d87547ac0:   4d 8b ea 4c 33 68 08 49 f7 c5 fc ff ff ff 74 0b
0x0000019d87547ad0:   48 83 48 08 02 eb 04 4c 89 68 08 48 83 c0 10 4c
0x0000019d87547ae0:   8b 68 d8 41 83 ed 04 41 c1 e5 03 49 03 c5 48 89
0x0000019d87547af0:   45 d8 4c 8d 6c 24 08 4c 89 6d f0 ff 63 50 8b 41
0x0000019d87547b00:   08 49 ba 00 00 00 8f 9d 01 00 00 49 03 c2 4c 8b
0x0000019d87547b10:   75 d8 4d 85 f6 0f 84 95 00 00 00 49 8b 56 18 48
0x0000019d87547b20:   3b d0 0f 85 0f 00 00 00 49 83 46 20 01 49 83 5e
0x0000019d87547b30:   20 00 e9 71 00 00 00 48 85 d2 0f 84 42 00 00 00
0x0000019d87547b40:   49 8b 56 28 48 3b d0 0f 85 0f 00 00 00 49 83 46
0x0000019d87547b50:   30 01 49 83 5e 30 00 e9 4c 00 00 00 48 85 d2 74
0x0000019d87547b60:   0f 49 83 46 08 01 49 83 5e 08 00 e9 38 00 00 00
0x0000019d87547b70:   49 89 46 28 ba 01 00 00 00 49 89 56 30 e9 26 00
0x0000019d87547b80:   00 00 49 3b 46 28 0f 85 0f 00 00 00 49 83 46 30
0x0000019d87547b90:   01 49 83 5e 30 00 e9 0d 00 00 00 49 89 46 18 ba
0x0000019d87547ba0:   01 00 00 00 49 89 56 20 49 83 c6 38 4c 89 75 d8
0x0000019d87547bb0:   48 8b 9c d8 c0 01 00 00 48 8b 55 d8 48 85 d2 0f
0x0000019d87547bc0:   84 3d 01 00 00 80 7a c8 0b 0f 85 33 01 00 00 48
0x0000019d87547bd0:   83 c2 08 4c 8b 6a f8 41 83 ed 00 41 83 fd 02 0f
0x0000019d87547be0:   8c 12 01 00 00 4c 8b 6b 08 45 0f b7 6d 2e 4c 2b
0x0000019d87547bf0:   2a 41 83 ed 01 4e 8b 6c ec 08 4d 85 ed 75 0e f6
0x0000019d87547c00:   42 08 01 75 58 f0 48 83 4a 08 01 eb 50 45 8b 6d
0x0000019d87547c10:   08 49 ba 00 00 00 8f 9d 01 00 00 4d 03 ea 4d 8b
0x0000019d87547c20:   d5 4c 33 6a 08 49 f7 c5 fc ff ff ff 74 2f 41 f6
0x0000019d87547c30:   c5 02 75 29 48 83 7a 08 00 74 1e 48 83 7a 08 01
0x0000019d87547c40:   74 17 4d 8b ea 4c 33 6a 08 49 f7 c5 fc ff ff ff
0x0000019d87547c50:   74 0b 48 83 4a 08 02 eb 04 4c 89 6a 08 48 83 c2
0x0000019d87547c60:   10 4c 8b 6a e8 41 83 ed 02 41 83 fd 02 0f 8c 84
0x0000019d87547c70:   00 00 00 4c 8b 6b 08 45 0f b7 6d 2e 4c 2b 2a 41
0x0000019d87547c80:   83 ed 01 4e 8b 6c ec 08 4d 85 ed 75 0e f6 42 08
0x0000019d87547c90:   01 75 58 f0 48 83 4a 08 01 eb 50 45 8b 6d 08 49
0x0000019d87547ca0:   ba 00 00 00 8f 9d 01 00 00 4d 03 ea 4d 8b d5 4c 


Stack slot to memory mapping:

stack at sp + 0 slots: 0x0000019d875386d2 is at code_begin+1554 in an Interpreter codelet
return entry points  [0x0000019d875380c0, 0x0000019d87538c60]  2976 bytes
stack at sp + 1 slots: 0x00000000d6169300 is an oop: [C 
{0x00000000d6169300} - klass: {type array char}
 - length: 179
stack at sp + 2 slots: 0x00000075b90fc3f8 is pointing into the stack for thread: 0x0000019dfc10a5b0
stack at sp + 3 slots: 0x0000019df8ed81b9 is pointing into metadata
stack at sp + 4 slots: 0x0000000000000016 is an unknown value
stack at sp + 5 slots: 0x0000019df8edd5b8 is pointing into metadata
stack at sp + 6 slots: 0x0 is null
stack at sp + 7 slots: 0x0000000080c51cb0 is an oop: java.lang.Class 
{0x0000000080c51cb0} - klass: 'java/lang/Class'
 - ---- fields (total size 18 words):
 - private volatile transient 'classRedefinedCount' 'I' @12  0 (0x00000000)
 - injected 'klass' 'J' @16  1776239590400 (0x0000019d90213c00)
 - injected 'array_klass' 'J' @24  0 (0x0000000000000000)
 - injected 'oop_size' 'I' @32  18 (0x00000012)
 - injected 'static_oop_field_count' 'I' @36  0 (0x00000000)
 - private volatile transient 'cachedConstructor' 'Ljava/lang/reflect/Constructor;' @40  null (0x00000000)
 - private transient 'name' 'Ljava/lang/String;' @44  "org.objectweb.asm.ClassReader"{0x0000000080cbf540} (0x80cbf540)
 - private transient 'module' 'Ljava/lang/Module;' @48  a 'java/lang/Module'{0x0000000080245138} (0x80245138)
 - private final 'classLoader' 'Ljava/lang/ClassLoader;' @52  a 'org/eclipse/osgi/internal/loader/EquinoxClassLoader'{0x00000000802450c8} (0x802450c8)
 - private transient 'classData' 'Ljava/lang/Object;' @56  null (0x00000000)
 - private transient 'packageName' 'Ljava/lang/String;' @60  "org.objectweb.asm"{0x00000000807c33b0} (0x807c33b0)
 - private final 'componentType' 'Ljava/lang/Class;' @64  null (0x00000000)
 - private volatile transient 'reflectionData' 'Ljava/lang/ref/SoftReference;' @68  null (0x00000000)
 - private volatile transient 'genericInfo' 'Lsun/reflect/generics/repository/ClassRepository;' @72  null (0x00000000)
 - private volatile transient 'enumConstants' '[Ljava/lang/Object;' @76  null (0x00000000)
 - private volatile transient 'enumConstantDirectory' 'Ljava/util/Map;' @80  null (0x00000000)
 - private volatile transient 'annotationData' 'Ljava/lang/Class$AnnotationData;' @84  null (0x00000000)
 - private volatile transient 'annotationType' 'Lsun/reflect/annotation/AnnotationType;' @88  null (0x00000000)
 - transient 'classValueMap' 'Ljava/lang/ClassValue$ClassValueMap;' @92  null (0x00000000)
 - injected 'protection_domain' 'Ljava/lang/Object;' @96  a 'org/eclipse/osgi/internal/loader/ModuleClassLoader$GenerationProtectionDomain'{0x00000000802457f0} (0x802457f0)
 - injected 'signers_name' 'Ljava/lang/Object;' @100  null (0x00000000)
 - injected 'source_file' 'Ljava/lang/Object;' @104  null (0x00000000)
 - injected '<init_lock>' 'Ljava/lang/Object;' @108  null (0x00000000)
 - signature: Lorg/objectweb/asm/ClassReader;
 - ---- static fields (0):
 - public static final 'SKIP_CODE' 'I' @112  1 (0x00000001)
 - public static final 'SKIP_DEBUG' 'I' @116  2 (0x00000002)
 - public static final 'SKIP_FRAMES' 'I' @120  4 (0x00000004)
 - public static final 'EXPAND_FRAMES' 'I' @124  8 (0x00000008)
 - static final 'EXPAND_ASM_INSNS' 'I' @128  256 (0x00000100)
 - private static final 'MAX_BUFFER_SIZE' 'I' @132  1048576 (0x00100000)
 - private static final 'INPUT_STREAM_DATA_CHUNK_SIZE' 'I' @136  4096 (0x00001000)

invokevirtual  182 invokevirtual  [0x0000019d87547840, 0x0000019d87547d10]  1232 bytes
[MachCode]
  0x0000019d87547840: 4883 ec08 | c5fa 1104 | 24eb 1f48 | 83ec 10c5 | fb11 0424 | eb14 4883 | ec10 4889 | 0424 48c7 
  0x0000019d87547860: 4424 0800 | 0000 00eb | 0150 4c89 | 6dc0 410f | b755 0148 | 8b4d d0c1 | e202 8b5c | d138 c1eb 
  0x0000019d87547880: 1881 e3ff | 0000 0081 | fbb6 0000 | 000f 84b4 | 0000 00bb | b600 0000 | e805 0000 | 00e9 9900 
  0x0000019d875478a0: 0000 488b | d348 8d44 | 2408 4c89 | 6dc0 498b | cfc5 f877 | 4989 afa8 | 0300 0049 | 8987 9803 
  0x0000019d875478c0: 0000 4883 | ec20 40f6 | c40f 0f84 | 1900 0000 | 4883 ec08 | 48b8 107c | dd38 fb7f | 0000 ffd0 
  0x0000019d875478e0: 4883 c408 | e90c 0000 | 0048 b810 | 7cdd 38fb | 7f00 00ff | d048 83c4 | 2049 c787 | 9803 0000 
  0x0000019d87547900: 0000 0000 | 49c7 87a8 | 0300 0000 | 0000 0049 | c787 a003 | 0000 0000 | 0000 c5f8 | 7749 837f 
  0x0000019d87547920: 0800 0f84 | 0500 0000 | e9d3 95fe | ff4c 8b6d | c04c 8b75 | c84e 8d74 | f500 c341 | 0fb7 5501 
  0x0000019d87547940: 488b 4dd0 | c1e2 0248 | 8b5c d148 | 8b54 d150 | 8bca 81e1 | ff00 0000 | 488b 4ccc | f844 8bea 
  0x0000019d87547960: c1ea 1c49 | bac0 df6b | 39fb 7f00 | 0049 8b14 | d252 418b | d54c 8b6d | c08b c225 | 0000 1000 
  0x0000019d87547980: 0f84 7801 | 0000 483b | 0148 8b45 | d848 85c0 | 0f84 1200 | 0000 4883 | 4008 0148 | 8358 0800 
  0x0000019d875479a0: 4883 c038 | 4889 45d8 | 488b 45d8 | 4885 c00f | 843d 0100 | 0080 78c8 | 0b0f 8533 | 0100 0048 
  0x0000019d875479c0: 83c0 084c | 8b68 f841 | 83ed 0041 | 83fd 020f | 8c12 0100 | 004c 8b6b | 0845 0fb7 | 6d2e 4c2b 
  0x0000019d875479e0: 2841 83ed | 014e 8b6c | ec08 4d85 | ed75 0ef6 | 4008 0175 | 58f0 4883 | 4808 01eb | 5045 8b6d 
  0x0000019d87547a00: 0849 ba00 | 0000 8f9d | 0100 004d | 03ea 4d8b | d54c 3368 | 0849 f7c5 | fcff ffff | 742f 41f6 
  0x0000019d87547a20: c502 7529 | 4883 7808 | 0074 1e48 | 8378 0801 | 7417 4d8b | ea4c 3368 | 0849 f7c5 | fcff ffff 
  0x0000019d87547a40: 740b 4883 | 4808 02eb | 044c 8968 | 0848 83c0 | 104c 8b68 | e841 83ed | 0241 83fd | 020f 8c84 
  0x0000019d87547a60: 0000 004c | 8b6b 0845 | 0fb7 6d2e | 4c2b 2841 | 83ed 014e | 8b6c ec08 | 4d85 ed75 | 0ef6 4008 
  0x0000019d87547a80: 0175 58f0 | 4883 4808 | 01eb 5045 | 8b6d 0849 | ba00 0000 | 8f9d 0100 | 004d 03ea | 4d8b d54c 
  0x0000019d87547aa0: 3368 0849 | f7c5 fcff | ffff 742f | 41f6 c502 | 7529 4883 | 7808 0074 | 1e48 8378 | 0801 7417 
  0x0000019d87547ac0: 4d8b ea4c | 3368 0849 | f7c5 fcff | ffff 740b | 4883 4808 | 02eb 044c | 8968 0848 | 83c0 104c 
  0x0000019d87547ae0: 8b68 d841 | 83ed 0441 | c1e5 0349 | 03c5 4889 | 45d8 4c8d | 6c24 084c | 896d f0ff | 6350 8b41 
  0x0000019d87547b00: 0849 ba00 | 0000 8f9d | 0100 0049 | 03c2 4c8b | 75d8 4d85 | f60f 8495 | 0000 0049 | 8b56 1848 
  0x0000019d87547b20: 3bd0 0f85 | 0f00 0000 | 4983 4620 | 0149 835e | 2000 e971 | 0000 0048 | 85d2 0f84 | 4200 0000 
  0x0000019d87547b40: 498b 5628 | 483b d00f | 850f 0000 | 0049 8346 | 3001 4983 | 5e30 00e9 | 4c00 0000 | 4885 d274 
  0x0000019d87547b60: 0f49 8346 | 0801 4983 | 5e08 00e9 | 3800 0000 | 4989 4628 | ba01 0000 | 0049 8956 | 30e9 2600 
  0x0000019d87547b80: 0000 493b | 4628 0f85 | 0f00 0000 | 4983 4630 | 0149 835e | 3000 e90d | 0000 0049 | 8946 18ba 
  0x0000019d87547ba0: 0100 0000 | 4989 5620 | 4983 c638 | 4c89 75d8 | 488b 9cd8 | c001 0000 | 488b 55d8 | 4885 d20f 
  0x0000019d87547bc0: 843d 0100 | 0080 7ac8 | 0b0f 8533 | 0100 0048 | 83c2 084c | 8b6a f841 | 83ed 0041 | 83fd 020f 
  0x0000019d87547be0: 8c12 0100 | 004c 8b6b | 0845 0fb7 | 6d2e 4c2b | 2a41 83ed | 014e 8b6c | ec08 4d85 | ed75 0ef6 
  0x0000019d87547c00: 4208 0175 | 58f0 4883 | 4a08 01eb | 5045 8b6d | 0849 ba00 | 0000 8f9d | 0100 004d | 03ea 4d8b 
  0x0000019d87547c20: d54c 336a | 0849 f7c5 | fcff ffff | 742f 41f6 | c502 7529 | 4883 7a08 | 0074 1e48 | 837a 0801 
  0x0000019d87547c40: 7417 4d8b | ea4c 336a | 0849 f7c5 | fcff ffff | 740b 4883 | 4a08 02eb | 044c 896a | 0848 83c2 
  0x0000019d87547c60: 104c 8b6a | e841 83ed | 0241 83fd | 020f 8c84 | 0000 004c | 8b6b 0845 | 0fb7 6d2e | 4c2b 2a41 
  0x0000019d87547c80: 83ed 014e | 8b6c ec08 | 4d85 ed75 | 0ef6 4208 | 0175 58f0 | 4883 4a08 | 01eb 5045 | 8b6d 0849 
  0x0000019d87547ca0: ba00 0000 | 8f9d 0100 | 004d 03ea | 4d8b d54c | 336a 0849 | f7c5 fcff | ffff 742f | 41f6 c502 
  0x0000019d87547cc0: 7529 4883 | 7a08 0074 | 1e48 837a | 0801 7417 | 4d8b ea4c | 336a 0849 | f7c5 fcff | ffff 740b 
  0x0000019d87547ce0: 4883 4a08 | 02eb 044c | 896a 0848 | 83c2 104c | 8b6a d841 | 83ed 0441 | c1e5 0349 | 03d5 4889 
  0x0000019d87547d00: 55d8 4c8d | 6c24 084c | 896d f0ff | 6350 6690 
[/MachCode]

---------------  P R O C E S S  ---------------

Threads class SMR info:
_java_thread_list=0x0000019dfdd10f50, length=24, elements={
0x0000019deebe4800, 0x0000019df6643600, 0x0000019df6644660, 0x0000019df6646b80,
0x0000019df6647a90, 0x0000019df66489a0, 0x0000019df664c510, 0x0000019df664d340,
0x0000019df664e570, 0x0000019deec50600, 0x0000019dfc391ca0, 0x0000019dfcb166c0,
0x0000019dfc1d8780, 0x0000019dfc00a770, 0x0000019dfc193cf0, 0x0000019dfcf7b5f0,
0x0000019dfcea5e50, 0x0000019dfc10bff0, 0x0000019dfc109f20, 0x0000019dfc10a5b0,
0x0000019dfc10b960, 0x0000019dfc10cd10, 0x0000019dfc10ac40, 0x0000019dfcf6a110
}

Java Threads: ( => current thread )
  0x0000019deebe4800 JavaThread "main"                              [_thread_blocked, id=1840, stack(0x00000075b7300000,0x00000075b7400000) (1024K)]
  0x0000019df6643600 JavaThread "Reference Handler"          daemon [_thread_blocked, id=6576, stack(0x00000075b7700000,0x00000075b7800000) (1024K)]
  0x0000019df6644660 JavaThread "Finalizer"                  daemon [_thread_blocked, id=13320, stack(0x00000075b7800000,0x00000075b7900000) (1024K)]
  0x0000019df6646b80 JavaThread "Signal Dispatcher"          daemon [_thread_blocked, id=14128, stack(0x00000075b7900000,0x00000075b7a00000) (1024K)]
  0x0000019df6647a90 JavaThread "Attach Listener"            daemon [_thread_blocked, id=9572, stack(0x00000075b7a00000,0x00000075b7b00000) (1024K)]
  0x0000019df66489a0 JavaThread "Service Thread"             daemon [_thread_blocked, id=14284, stack(0x00000075b7b00000,0x00000075b7c00000) (1024K)]
  0x0000019df664c510 JavaThread "Monitor Deflation Thread"   daemon [_thread_blocked, id=7880, stack(0x00000075b7c00000,0x00000075b7d00000) (1024K)]
  0x0000019df664d340 JavaThread "C2 CompilerThread0"         daemon [_thread_in_native, id=12428, stack(0x00000075b7d00000,0x00000075b7e00000) (1024K)]
  0x0000019df664e570 JavaThread "C1 CompilerThread0"         daemon [_thread_blocked, id=7428, stack(0x00000075b7e00000,0x00000075b7f00000) (1024K)]
  0x0000019deec50600 JavaThread "Common-Cleaner"             daemon [_thread_blocked, id=5304, stack(0x00000075b7f00000,0x00000075b8000000) (1024K)]
  0x0000019dfc391ca0 JavaThread "Notification Thread"        daemon [_thread_blocked, id=9692, stack(0x00000075b8000000,0x00000075b8100000) (1024K)]
  0x0000019dfcb166c0 JavaThread "Active Thread: Equinox Container: 485cd305-e8de-476e-86e3-46a6b71a8150"        [_thread_blocked, id=8180, stack(0x00000075b8800000,0x00000075b8900000) (1024K)]
  0x0000019dfc1d8780 JavaThread "Refresh Thread: Equinox Container: 485cd305-e8de-476e-86e3-46a6b71a8150" daemon [_thread_blocked, id=2780, stack(0x00000075b8900000,0x00000075b8a00000) (1024K)]
  0x0000019dfc00a770 JavaThread "Framework Event Dispatcher: Equinox Container: 485cd305-e8de-476e-86e3-46a6b71a8150" daemon [_thread_blocked, id=3996, stack(0x00000075b8a00000,0x00000075b8b00000) (1024K)]
  0x0000019dfc193cf0 JavaThread "Start Level: Equinox Container: 485cd305-e8de-476e-86e3-46a6b71a8150" daemon [_thread_blocked, id=12648, stack(0x00000075b8b00000,0x00000075b8c00000) (1024K)]
  0x0000019dfcf7b5f0 JavaThread "Bundle File Closer"         daemon [_thread_blocked, id=13788, stack(0x00000075b8c00000,0x00000075b8d00000) (1024K)]
  0x0000019dfcea5e50 JavaThread "SCR Component Actor"        daemon [_thread_blocked, id=12384, stack(0x00000075b8d00000,0x00000075b8e00000) (1024K)]
  0x0000019dfc10bff0 JavaThread "SCR Component Registry"     daemon [_thread_blocked, id=3580, stack(0x00000075b8e00000,0x00000075b8f00000) (1024K)]
  0x0000019dfc109f20 JavaThread "Worker-JM"                         [_thread_blocked, id=6920, stack(0x00000075b8f00000,0x00000075b9000000) (1024K)]
=>0x0000019dfc10a5b0 JavaThread "Worker-0: Repository registry initialization"        [_thread_in_Java, id=6192, stack(0x00000075b9000000,0x00000075b9100000) (1024K)]
  0x0000019dfc10b960 JavaThread "Worker-1: Updating Maven Dependencies"        [_thread_blocked, id=3592, stack(0x00000075b9100000,0x00000075b9200000) (1024K)]
  0x0000019dfc10cd10 JavaThread "Worker-2"                          [_thread_blocked, id=11280, stack(0x00000075b9200000,0x00000075b9300000) (1024K)]
  0x0000019dfc10ac40 JavaThread "Worker-3"                          [_thread_blocked, id=704, stack(0x00000075b9300000,0x00000075b9400000) (1024K)]
  0x0000019dfcf6a110 JavaThread "C2 CompilerThread1"         daemon [_thread_in_native, id=8792, stack(0x00000075b9400000,0x00000075b9500000) (1024K)]
Total: 24

Other Threads:
  0x0000019deec9e560 VMThread "VM Thread"                           [id=10172, stack(0x00000075b7600000,0x00000075b7700000) (1024K)] _threads_hazard_ptr=0x0000019dfdd10f50
  0x0000019df655ca00 WatcherThread "VM Periodic Task Thread"        [id=13940, stack(0x00000075b7500000,0x00000075b7600000) (1024K)]
  0x0000019deec01b20 WorkerThread "GC Thread#0"                     [id=7356, stack(0x00000075b7400000,0x00000075b7500000) (1024K)]
  0x0000019dfc4ab4a0 WorkerThread "GC Thread#1"                     [id=2796, stack(0x00000075b8100000,0x00000075b8200000) (1024K)]
  0x0000019dfc55a4b0 WorkerThread "GC Thread#2"                     [id=6092, stack(0x00000075b8200000,0x00000075b8300000) (1024K)]
  0x0000019dfc55a850 WorkerThread "GC Thread#3"                     [id=9720, stack(0x00000075b8300000,0x00000075b8400000) (1024K)]
  0x0000019dfca189a0 WorkerThread "GC Thread#4"                     [id=5432, stack(0x00000075b8400000,0x00000075b8500000) (1024K)]
  0x0000019dfca18d40 WorkerThread "GC Thread#5"                     [id=13996, stack(0x00000075b8500000,0x00000075b8600000) (1024K)]
  0x0000019dfca198f0 WorkerThread "GC Thread#6"                     [id=12368, stack(0x00000075b8600000,0x00000075b8700000) (1024K)]
  0x0000019dfce89a40 WorkerThread "GC Thread#7"                     [id=6484, stack(0x00000075b8700000,0x00000075b8800000) (1024K)]
Total: 10

Threads with active compile tasks:
C2 CompilerThread0  29678 3989       4       org.lombokweb.asm.ClassReader::readMethod (1070 bytes)
C2 CompilerThread1  29678 4076       4       jdk.internal.module.SystemModuleFinders$SystemModuleReader::find (59 bytes)
Total: 2

VM state: not at safepoint (normal execution)

VM Mutex/Monitor currently owned by a thread: None

Heap address: 0x0000000080000000, size: 2048 MB, Compressed Oops mode: 32-bit

CDS archive(s) mapped at: [0x0000019d8f000000-0x0000019d8fba0000-0x0000019d8fba0000), size 12189696, SharedBaseAddress: 0x0000019d8f000000, ArchiveRelocationMode: 1.
Compressed class space mapped at: 0x0000019d90000000-0x0000019dd0000000, reserved size: 1073741824
Narrow klass base: 0x0000019d8f000000, Narrow klass shift: 0, Narrow klass range: 0x100000000

GC Precious Log:
 CardTable entry size: 512
 CPUs: 8 total, 8 available
 Memory: 7582M
 Large Page Support: Disabled
 NUMA Support: Disabled
 Compressed Oops: Enabled (32-bit)
 Alignments: Space 512K, Generation 512K, Heap 2M
 Heap Min Capacity: 100M
 Heap Initial Capacity: 100M
 Heap Max Capacity: 2G
 Pre-touch: Disabled
 Parallel Workers: 8

Heap:
 PSYoungGen      total 25600K, used 16281K [0x00000000d5580000, 0x00000000d7580000, 0x0000000100000000)
  eden space 23040K, 60% used [0x00000000d5580000,0x00000000d63042e0,0x00000000d6c00000)
  from space 2560K, 95% used [0x00000000d7300000,0x00000000d75622b0,0x00000000d7580000)
  to   space 3072K, 0% used [0x00000000d6f80000,0x00000000d6f80000,0x00000000d7280000)
 ParOldGen       total 68608K, used 13257K [0x0000000080000000, 0x0000000084300000, 0x00000000d5580000)
  object space 68608K, 19% used [0x0000000080000000,0x0000000080cf26f8,0x0000000084300000)
 Metaspace       used 27696K, committed 28608K, reserved 1114112K
  class space    used 2734K, committed 3136K, reserved 1048576K

Card table byte_map: [0x0000019dee590000,0x0000019dee9a0000] _byte_map_base: 0x0000019dee190000

Marking Bits: (ParMarkBitMap*) 0x00007ffb396b31f0
 Begin Bits: [0x0000019df2080000, 0x0000019df4080000)
 End Bits:   [0x0000019df4080000, 0x0000019df6080000)

Polling page: 0x0000019decab0000

Metaspace:

Usage:
  Non-class:     24.38 MB used.
      Class:      2.67 MB used.
       Both:     27.05 MB used.

Virtual space:
  Non-class space:       64.00 MB reserved,      24.88 MB ( 39%) committed,  1 nodes.
      Class space:        1.00 GB reserved,       3.06 MB ( <1%) committed,  1 nodes.
             Both:        1.06 GB reserved,      27.94 MB (  3%) committed. 

Chunk freelists:
   Non-Class:  6.81 MB
       Class:  12.82 MB
        Both:  19.63 MB

MaxMetaspaceSize: unlimited
CompressedClassSpaceSize: 1.00 GB
Initial GC threshold: 21.00 MB
Current GC threshold: 35.00 MB
CDS: on
 - commit_granule_bytes: 65536.
 - commit_granule_words: 8192.
 - virtual_space_node_default_size: 8388608.
 - enlarge_chunks_in_place: 1.
 - use_allocation_guard: 0.


Internal statistics:

num_allocs_failed_limit: 3.
num_arena_births: 654.
num_arena_deaths: 14.
num_vsnodes_births: 2.
num_vsnodes_deaths: 0.
num_space_committed: 447.
num_space_uncommitted: 0.
num_chunks_returned_to_freelist: 17.
num_chunks_taken_from_freelist: 1802.
num_chunk_merges: 7.
num_chunk_splits: 1150.
num_chunks_enlarged: 698.
num_inconsistent_stats: 0.

CodeHeap 'non-profiled nmethods': size=120000Kb used=1936Kb max_used=1936Kb free=118063Kb
 bounds [0x0000019d87ad0000, 0x0000019d87d40000, 0x0000019d8f000000]
CodeHeap 'profiled nmethods': size=120000Kb used=8528Kb max_used=8528Kb free=111471Kb
 bounds [0x0000019d80000000, 0x0000019d80860000, 0x0000019d87530000]
CodeHeap 'non-nmethods': size=5760Kb used=1325Kb max_used=1391Kb free=4435Kb
 bounds [0x0000019d87530000, 0x0000019d877a0000, 0x0000019d87ad0000]
 total_blobs=4687 nmethods=4077 adapters=516
 compilation: enabled
              stopped_count=0, restarted_count=0
 full_count=0

Compilation events (20 events):
Event: 29.597 Thread 0x0000019df664e570 4064       3       com.google.inject.internal.DeclaredMembers$$Lambda/0x0000019d90302f68::apply (8 bytes)
Event: 29.597 Thread 0x0000019df664e570 nmethod 4064 0x0000019d80847710 code [0x0000019d808478c0, 0x0000019d80847ae0]
Event: 29.597 Thread 0x0000019df664e570 4067       3       java.util.stream.Nodes$FixedNodeBuilder::accept (61 bytes)
Event: 29.598 Thread 0x0000019df664e570 nmethod 4067 0x0000019d80847b90 code [0x0000019d80847e40, 0x0000019d80848ce0]
Event: 29.598 Thread 0x0000019df664e570 4065       3       java.util.Comparator$$Lambda/0x0000019d90020620::compare (16 bytes)
Event: 29.598 Thread 0x0000019df664e570 nmethod 4065 0x0000019d80849210 code [0x0000019d808493e0, 0x0000019d80849850]
Event: 29.598 Thread 0x0000019df664e570 4066       3       java.util.Comparator::lambda$thenComparing$36697e65$1 (29 bytes)
Event: 29.598 Thread 0x0000019df664e570 nmethod 4066 0x0000019d80849990 code [0x0000019d80849b60, 0x0000019d80849e80]
Event: 29.598 Thread 0x0000019df664e570 4063       3       org.eclipse.osgi.internal.hookregistry.ClassLoaderHook::postFindLocalResource (1 bytes)
Event: 29.598 Thread 0x0000019df664e570 nmethod 4063 0x0000019d80849f90 code [0x0000019d8084a120, 0x0000019d8084a228]
Event: 29.601 Thread 0x0000019df664e570 4069       3       java.util.stream.SortedOps$SizedRefSortingSink::accept (18 bytes)
Event: 29.602 Thread 0x0000019df664e570 nmethod 4069 0x0000019d8084a310 code [0x0000019d8084a4c0, 0x0000019d8084a740]
Event: 29.602 Thread 0x0000019df664e570 4070       3       java.util.Comparator$$Lambda/0x0000019d900208b0::compare (10 bytes)
Event: 29.602 Thread 0x0000019df664e570 nmethod 4070 0x0000019d8084a890 code [0x0000019d8084aa80, 0x0000019d8084af78]
Event: 29.602 Thread 0x0000019df664e570 4071       3       java.util.Comparator::lambda$comparing$77a9974f$1 (23 bytes)
Event: 29.602 Thread 0x0000019df664e570 nmethod 4071 0x0000019d8084b110 code [0x0000019d8084b2e0, 0x0000019d8084b750]
Event: 29.602 Thread 0x0000019df664e570 4072       3       jdk.internal.loader.AbstractClassLoaderValue::extractValue (17 bytes)
Event: 29.602 Thread 0x0000019df664e570 nmethod 4072 0x0000019d8084b890 code [0x0000019d8084ba60, 0x0000019d8084bde8]
Event: 29.602 Thread 0x0000019df664e570 4073       3       java.util.Objects::hashCode (13 bytes)
Event: 29.603 Thread 0x0000019df664e570 nmethod 4073 0x0000019d8084bf10 code [0x0000019d8084c0c0, 0x0000019d8084c2e0]

GC Heap History (20 events):
Event: 9.670 GC heap before
{Heap before GC invocations=2 (full 0):
 PSYoungGen      total 29696K, used 28927K [0x00000000d5580000, 0x00000000d7680000, 0x0000000100000000)
  eden space 25600K, 100% used [0x00000000d5580000,0x00000000d6e80000,0x00000000d6e80000)
  from space 4096K, 81% used [0x00000000d6e80000,0x00000000d71bff28,0x00000000d7280000)
  to   space 4096K, 0% used [0x00000000d7280000,0x00000000d7280000,0x00000000d7680000)
 ParOldGen       total 68608K, used 16K [0x0000000080000000, 0x0000000084300000, 0x00000000d5580000)
  object space 68608K, 0% used [0x0000000080000000,0x0000000080004000,0x0000000084300000)
 Metaspace       used 7956K, committed 8256K, reserved 1114112K
  class space    used 805K, committed 960K, reserved 1048576K
}
Event: 9.677 GC heap after
{Heap after GC invocations=2 (full 0):
 PSYoungGen      total 29696K, used 4069K [0x00000000d5580000, 0x00000000d7680000, 0x0000000100000000)
  eden space 25600K, 0% used [0x00000000d5580000,0x00000000d5580000,0x00000000d6e80000)
  from space 4096K, 99% used [0x00000000d7280000,0x00000000d76795d0,0x00000000d7680000)
  to   space 4096K, 0% used [0x00000000d6e80000,0x00000000d6e80000,0x00000000d7280000)
 ParOldGen       total 68608K, used 1679K [0x0000000080000000, 0x0000000084300000, 0x00000000d5580000)
  object space 68608K, 2% used [0x0000000080000000,0x00000000801a3f28,0x0000000084300000)
 Metaspace       used 7956K, committed 8256K, reserved 1114112K
  class space    used 805K, committed 960K, reserved 1048576K
}
Event: 17.181 GC heap before
{Heap before GC invocations=3 (full 0):
 PSYoungGen      total 29696K, used 29625K [0x00000000d5580000, 0x00000000d7680000, 0x0000000100000000)
  eden space 25600K, 99% used [0x00000000d5580000,0x00000000d6e751e8,0x00000000d6e80000)
  from space 4096K, 99% used [0x00000000d7280000,0x00000000d76795d0,0x00000000d7680000)
  to   space 4096K, 0% used [0x00000000d6e80000,0x00000000d6e80000,0x00000000d7280000)
 ParOldGen       total 68608K, used 1679K [0x0000000080000000, 0x0000000084300000, 0x00000000d5580000)
  object space 68608K, 2% used [0x0000000080000000,0x00000000801a3f28,0x0000000084300000)
 Metaspace       used 9283K, committed 9600K, reserved 1114112K
  class space    used 965K, committed 1152K, reserved 1048576K
}
Event: 17.188 GC heap after
{Heap after GC invocations=3 (full 0):
 PSYoungGen      total 29696K, used 4088K [0x00000000d5580000, 0x00000000d7680000, 0x0000000100000000)
  eden space 25600K, 0% used [0x00000000d5580000,0x00000000d5580000,0x00000000d6e80000)
  from space 4096K, 99% used [0x00000000d6e80000,0x00000000d727e200,0x00000000d7280000)
  to   space 4096K, 0% used [0x00000000d7280000,0x00000000d7280000,0x00000000d7680000)
 ParOldGen       total 68608K, used 4787K [0x0000000080000000, 0x0000000084300000, 0x00000000d5580000)
  object space 68608K, 6% used [0x0000000080000000,0x00000000804acee8,0x0000000084300000)
 Metaspace       used 9283K, committed 9600K, reserved 1114112K
  class space    used 965K, committed 1152K, reserved 1048576K
}
Event: 24.410 GC heap before
{Heap before GC invocations=4 (full 0):
 PSYoungGen      total 29696K, used 29688K [0x00000000d5580000, 0x00000000d7680000, 0x0000000100000000)
  eden space 25600K, 100% used [0x00000000d5580000,0x00000000d6e80000,0x00000000d6e80000)
  from space 4096K, 99% used [0x00000000d6e80000,0x00000000d727e200,0x00000000d7280000)
  to   space 4096K, 0% used [0x00000000d7280000,0x00000000d7280000,0x00000000d7680000)
 ParOldGen       total 68608K, used 4787K [0x0000000080000000, 0x0000000084300000, 0x00000000d5580000)
  object space 68608K, 6% used [0x0000000080000000,0x00000000804acee8,0x0000000084300000)
 Metaspace       used 12044K, committed 12480K, reserved 1114112K
  class space    used 1251K, committed 1472K, reserved 1048576K
}
Event: 24.416 GC heap after
{Heap after GC invocations=4 (full 0):
 PSYoungGen      total 29696K, used 4083K [0x00000000d5580000, 0x00000000d7680000, 0x0000000100000000)
  eden space 25600K, 0% used [0x00000000d5580000,0x00000000d5580000,0x00000000d6e80000)
  from space 4096K, 99% used [0x00000000d7280000,0x00000000d767cdf8,0x00000000d7680000)
  to   space 4096K, 0% used [0x00000000d6e80000,0x00000000d6e80000,0x00000000d7280000)
 ParOldGen       total 68608K, used 6618K [0x0000000080000000, 0x0000000084300000, 0x00000000d5580000)
  object space 68608K, 9% used [0x0000000080000000,0x0000000080676b20,0x0000000084300000)
 Metaspace       used 12044K, committed 12480K, reserved 1114112K
  class space    used 1251K, committed 1472K, reserved 1048576K
}
Event: 25.662 GC heap before
{Heap before GC invocations=5 (full 0):
 PSYoungGen      total 29696K, used 29683K [0x00000000d5580000, 0x00000000d7680000, 0x0000000100000000)
  eden space 25600K, 100% used [0x00000000d5580000,0x00000000d6e80000,0x00000000d6e80000)
  from space 4096K, 99% used [0x00000000d7280000,0x00000000d767cdf8,0x00000000d7680000)
  to   space 4096K, 0% used [0x00000000d6e80000,0x00000000d6e80000,0x00000000d7280000)
 ParOldGen       total 68608K, used 6618K [0x0000000080000000, 0x0000000084300000, 0x00000000d5580000)
  object space 68608K, 9% used [0x0000000080000000,0x0000000080676b20,0x0000000084300000)
 Metaspace       used 15372K, committed 15936K, reserved 1114112K
  class space    used 1548K, committed 1856K, reserved 1048576K
}
Event: 25.668 GC heap after
{Heap after GC invocations=5 (full 0):
 PSYoungGen      total 29184K, used 4086K [0x00000000d5580000, 0x00000000d7a00000, 0x0000000100000000)
  eden space 25088K, 0% used [0x00000000d5580000,0x00000000d5580000,0x00000000d6e00000)
  from space 4096K, 99% used [0x00000000d6e80000,0x00000000d727d900,0x00000000d7280000)
  to   space 6144K, 0% used [0x00000000d7400000,0x00000000d7400000,0x00000000d7a00000)
 ParOldGen       total 68608K, used 7888K [0x0000000080000000, 0x0000000084300000, 0x00000000d5580000)
  object space 68608K, 11% used [0x0000000080000000,0x00000000807b43f0,0x0000000084300000)
 Metaspace       used 15372K, committed 15936K, reserved 1114112K
  class space    used 1548K, committed 1856K, reserved 1048576K
}
Event: 26.369 GC heap before
{Heap before GC invocations=6 (full 0):
 PSYoungGen      total 29184K, used 29174K [0x00000000d5580000, 0x00000000d7a00000, 0x0000000100000000)
  eden space 25088K, 100% used [0x00000000d5580000,0x00000000d6e00000,0x00000000d6e00000)
  from space 4096K, 99% used [0x00000000d6e80000,0x00000000d727d900,0x00000000d7280000)
  to   space 6144K, 0% used [0x00000000d7400000,0x00000000d7400000,0x00000000d7a00000)
 ParOldGen       total 68608K, used 7888K [0x0000000080000000, 0x0000000084300000, 0x00000000d5580000)
  object space 68608K, 11% used [0x0000000080000000,0x00000000807b43f0,0x0000000084300000)
 Metaspace       used 17880K, committed 18688K, reserved 1114112K
  class space    used 1822K, committed 2176K, reserved 1048576K
}
Event: 26.374 GC heap after
{Heap after GC invocations=6 (full 0):
 PSYoungGen      total 28672K, used 4026K [0x00000000d5580000, 0x00000000d7800000, 0x0000000100000000)
  eden space 24576K, 0% used [0x00000000d5580000,0x00000000d5580000,0x00000000d6d80000)
  from space 4096K, 98% used [0x00000000d7400000,0x00000000d77eea08,0x00000000d7800000)
  to   space 4608K, 0% used [0x00000000d6f00000,0x00000000d6f00000,0x00000000d7380000)
 ParOldGen       total 68608K, used 7896K [0x0000000080000000, 0x0000000084300000, 0x00000000d5580000)
  object space 68608K, 11% used [0x0000000080000000,0x00000000807b63f0,0x0000000084300000)
 Metaspace       used 17880K, committed 18688K, reserved 1114112K
  class space    used 1822K, committed 2176K, reserved 1048576K
}
Event: 27.338 GC heap before
{Heap before GC invocations=7 (full 0):
 PSYoungGen      total 28672K, used 28504K [0x00000000d5580000, 0x00000000d7800000, 0x0000000100000000)
  eden space 24576K, 99% used [0x00000000d5580000,0x00000000d6d678d8,0x00000000d6d80000)
  from space 4096K, 98% used [0x00000000d7400000,0x00000000d77eea08,0x00000000d7800000)
  to   space 4608K, 0% used [0x00000000d6f00000,0x00000000d6f00000,0x00000000d7380000)
 ParOldGen       total 68608K, used 7896K [0x0000000080000000, 0x0000000084300000, 0x00000000d5580000)
  object space 68608K, 11% used [0x0000000080000000,0x00000000807b63f0,0x0000000084300000)
 Metaspace       used 20435K, committed 21184K, reserved 1114112K
  class space    used 2060K, committed 2368K, reserved 1048576K
}
Event: 27.344 GC heap after
{Heap after GC invocations=7 (full 0):
 PSYoungGen      total 28672K, used 4586K [0x00000000d5580000, 0x00000000d7d00000, 0x0000000100000000)
  eden space 24064K, 0% used [0x00000000d5580000,0x00000000d5580000,0x00000000d6d00000)
  from space 4608K, 99% used [0x00000000d6f00000,0x00000000d737ab68,0x00000000d7380000)
  to   space 8192K, 0% used [0x00000000d7500000,0x00000000d7500000,0x00000000d7d00000)
 ParOldGen       total 68608K, used 10752K [0x0000000080000000, 0x0000000084300000, 0x00000000d5580000)
  object space 68608K, 15% used [0x0000000080000000,0x0000000080a80018,0x0000000084300000)
 Metaspace       used 20435K, committed 21184K, reserved 1114112K
  class space    used 2060K, committed 2368K, reserved 1048576K
}
Event: 27.390 GC heap before
{Heap before GC invocations=8 (full 0):
 PSYoungGen      total 28672K, used 10664K [0x00000000d5580000, 0x00000000d7d00000, 0x0000000100000000)
  eden space 24064K, 25% used [0x00000000d5580000,0x00000000d5b6f6b0,0x00000000d6d00000)
  from space 4608K, 99% used [0x00000000d6f00000,0x00000000d737ab68,0x00000000d7380000)
  to   space 8192K, 0% used [0x00000000d7500000,0x00000000d7500000,0x00000000d7d00000)
 ParOldGen       total 68608K, used 10752K [0x0000000080000000, 0x0000000084300000, 0x00000000d5580000)
  object space 68608K, 15% used [0x0000000080000000,0x0000000080a80018,0x0000000084300000)
 Metaspace       used 20709K, committed 21504K, reserved 1114112K
  class space    used 2062K, committed 2432K, reserved 1048576K
}
Event: 27.393 GC heap after
{Heap after GC invocations=8 (full 0):
 PSYoungGen      total 28672K, used 4477K [0x00000000d5580000, 0x00000000d7980000, 0x0000000100000000)
  eden space 24064K, 0% used [0x00000000d5580000,0x00000000d5580000,0x00000000d6d00000)
  from space 4608K, 97% used [0x00000000d7500000,0x00000000d795f7a8,0x00000000d7980000)
  to   space 5632K, 0% used [0x00000000d6e80000,0x00000000d6e80000,0x00000000d7400000)
 ParOldGen       total 68608K, used 11185K [0x0000000080000000, 0x0000000084300000, 0x00000000d5580000)
  object space 68608K, 16% used [0x0000000080000000,0x0000000080aec5d8,0x0000000084300000)
 Metaspace       used 20709K, committed 21504K, reserved 1114112K
  class space    used 2062K, committed 2432K, reserved 1048576K
}
Event: 27.393 GC heap before
{Heap before GC invocations=9 (full 1):
 PSYoungGen      total 28672K, used 4477K [0x00000000d5580000, 0x00000000d7980000, 0x0000000100000000)
  eden space 24064K, 0% used [0x00000000d5580000,0x00000000d5580000,0x00000000d6d00000)
  from space 4608K, 97% used [0x00000000d7500000,0x00000000d795f7a8,0x00000000d7980000)
  to   space 5632K, 0% used [0x00000000d6e80000,0x00000000d6e80000,0x00000000d7400000)
 ParOldGen       total 68608K, used 11185K [0x0000000080000000, 0x0000000084300000, 0x00000000d5580000)
  object space 68608K, 16% used [0x0000000080000000,0x0000000080aec5d8,0x0000000084300000)
 Metaspace       used 20709K, committed 21504K, reserved 1114112K
  class space    used 2062K, committed 2432K, reserved 1048576K
}
Event: 27.424 GC heap after
{Heap after GC invocations=9 (full 1):
 PSYoungGen      total 28672K, used 0K [0x00000000d5580000, 0x00000000d7980000, 0x0000000100000000)
  eden space 24064K, 0% used [0x00000000d5580000,0x00000000d5580000,0x00000000d6d00000)
  from space 4608K, 0% used [0x00000000d7500000,0x00000000d7500000,0x00000000d7980000)
  to   space 5632K, 0% used [0x00000000d6e80000,0x00000000d6e80000,0x00000000d7400000)
 ParOldGen       total 68608K, used 13241K [0x0000000080000000, 0x0000000084300000, 0x00000000d5580000)
  object space 68608K, 19% used [0x0000000080000000,0x0000000080cee6f8,0x0000000084300000)
 Metaspace       used 20696K, committed 21504K, reserved 1114112K
  class space    used 2059K, committed 2432K, reserved 1048576K
}
Event: 29.195 GC heap before
{Heap before GC invocations=10 (full 1):
 PSYoungGen      total 28672K, used 24064K [0x00000000d5580000, 0x00000000d7980000, 0x0000000100000000)
  eden space 24064K, 100% used [0x00000000d5580000,0x00000000d6d00000,0x00000000d6d00000)
  from space 4608K, 0% used [0x00000000d7500000,0x00000000d7500000,0x00000000d7980000)
  to   space 5632K, 0% used [0x00000000d6e80000,0x00000000d6e80000,0x00000000d7400000)
 ParOldGen       total 68608K, used 13241K [0x0000000080000000, 0x0000000084300000, 0x00000000d5580000)
  object space 68608K, 19% used [0x0000000080000000,0x0000000080cee6f8,0x0000000084300000)
 Metaspace       used 24521K, committed 25408K, reserved 1114112K
  class space    used 2406K, committed 2752K, reserved 1048576K
}
Event: 29.196 GC heap after
{Heap after GC invocations=10 (full 1):
 PSYoungGen      total 24576K, used 834K [0x00000000d5580000, 0x00000000d7580000, 0x0000000100000000)
  eden space 23552K, 0% used [0x00000000d5580000,0x00000000d5580000,0x00000000d6c80000)
  from space 1024K, 81% used [0x00000000d6e80000,0x00000000d6f509e8,0x00000000d6f80000)
  to   space 2560K, 0% used [0x00000000d7300000,0x00000000d7300000,0x00000000d7580000)
 ParOldGen       total 68608K, used 13249K [0x0000000080000000, 0x0000000084300000, 0x00000000d5580000)
  object space 68608K, 19% used [0x0000000080000000,0x0000000080cf06f8,0x0000000084300000)
 Metaspace       used 24521K, committed 25408K, reserved 1114112K
  class space    used 2406K, committed 2752K, reserved 1048576K
}
Event: 29.546 GC heap before
{Heap before GC invocations=11 (full 1):
 PSYoungGen      total 24576K, used 24386K [0x00000000d5580000, 0x00000000d7580000, 0x0000000100000000)
  eden space 23552K, 100% used [0x00000000d5580000,0x00000000d6c80000,0x00000000d6c80000)
  from space 1024K, 81% used [0x00000000d6e80000,0x00000000d6f509e8,0x00000000d6f80000)
  to   space 2560K, 0% used [0x00000000d7300000,0x00000000d7300000,0x00000000d7580000)
 ParOldGen       total 68608K, used 13249K [0x0000000080000000, 0x0000000084300000, 0x00000000d5580000)
  object space 68608K, 19% used [0x0000000080000000,0x0000000080cf06f8,0x0000000084300000)
 Metaspace       used 26891K, committed 27648K, reserved 1114112K
  class space    used 2635K, committed 2944K, reserved 1048576K
}
Event: 29.547 GC heap after
{Heap after GC invocations=11 (full 1):
 PSYoungGen      total 25600K, used 2440K [0x00000000d5580000, 0x00000000d7580000, 0x0000000100000000)
  eden space 23040K, 0% used [0x00000000d5580000,0x00000000d5580000,0x00000000d6c00000)
  from space 2560K, 95% used [0x00000000d7300000,0x00000000d75622b0,0x00000000d7580000)
  to   space 3072K, 0% used [0x00000000d6f80000,0x00000000d6f80000,0x00000000d7280000)
 ParOldGen       total 68608K, used 13257K [0x0000000080000000, 0x0000000084300000, 0x00000000d5580000)
  object space 68608K, 19% used [0x0000000080000000,0x0000000080cf26f8,0x0000000084300000)
 Metaspace       used 26891K, committed 27648K, reserved 1114112K
  class space    used 2635K, committed 2944K, reserved 1048576K
}

Dll operation events (11 events):
Event: 0.016 Loaded shared library c:\Users\Aluno\.vscode\extensions\redhat.java-1.43.1-win32-x64\jre\21.0.7-win32-x86_64\bin\java.dll
Event: 0.157 Loaded shared library c:\Users\Aluno\.vscode\extensions\redhat.java-1.43.1-win32-x64\jre\21.0.7-win32-x86_64\bin\zip.dll
Event: 0.194 Loaded shared library C:\Users\Aluno\.vscode\extensions\redhat.java-1.43.1-win32-x64\jre\21.0.7-win32-x86_64\bin\instrument.dll
Event: 0.205 Loaded shared library C:\Users\Aluno\.vscode\extensions\redhat.java-1.43.1-win32-x64\jre\21.0.7-win32-x86_64\bin\net.dll
Event: 0.207 Loaded shared library C:\Users\Aluno\.vscode\extensions\redhat.java-1.43.1-win32-x64\jre\21.0.7-win32-x86_64\bin\nio.dll
Event: 0.212 Loaded shared library C:\Users\Aluno\.vscode\extensions\redhat.java-1.43.1-win32-x64\jre\21.0.7-win32-x86_64\bin\zip.dll
Event: 0.243 Loaded shared library C:\Users\Aluno\.vscode\extensions\redhat.java-1.43.1-win32-x64\jre\21.0.7-win32-x86_64\bin\jimage.dll
Event: 0.375 Loaded shared library c:\Users\Aluno\.vscode\extensions\redhat.java-1.43.1-win32-x64\jre\21.0.7-win32-x86_64\bin\verify.dll
Event: 13.595 Loaded shared library C:\Users\Aluno\AppData\Roaming\Code\User\globalStorage\redhat.java\1.43.1\config_win\org.eclipse.equinox.launcher\org.eclipse.equinox.launcher.win32.win32.x86_64_1.2.1300.v20250331-1702\eclipse_11911.dll
Event: 25.598 Loaded shared library C:\Users\Aluno\.vscode\extensions\redhat.java-1.43.1-win32-x64\jre\21.0.7-win32-x86_64\bin\management.dll
Event: 25.607 Loaded shared library C:\Users\Aluno\.vscode\extensions\redhat.java-1.43.1-win32-x64\jre\21.0.7-win32-x86_64\bin\management_ext.dll

Deoptimization events (20 events):
Event: 27.970 Thread 0x0000019dfc193cf0 DEOPT PACKING pc=0x0000019d8044ee2c sp=0x00000075b8bf0cc0
Event: 27.970 Thread 0x0000019dfc193cf0 DEOPT UNPACKING pc=0x0000019d87584242 sp=0x00000075b8bf0250 mode 0
Event: 27.970 Thread 0x0000019dfc193cf0 DEOPT PACKING pc=0x0000019d8044ee2c sp=0x00000075b8bf2ab0
Event: 27.970 Thread 0x0000019dfc193cf0 DEOPT UNPACKING pc=0x0000019d87584242 sp=0x00000075b8bf2040 mode 0
Event: 27.970 Thread 0x0000019dfc193cf0 DEOPT PACKING pc=0x0000019d8044ed34 sp=0x00000075b8bf48d0
Event: 27.970 Thread 0x0000019dfc193cf0 DEOPT UNPACKING pc=0x0000019d87584242 sp=0x00000075b8bf3e60 mode 0
Event: 28.044 Thread 0x0000019dfc10b960 Uncommon trap: trap_request=0xffffff45 fr.pc=0x0000019d87b334ac relative=0x000000000000010c
Event: 28.044 Thread 0x0000019dfc10b960 Uncommon trap: reason=unstable_if action=reinterpret pc=0x0000019d87b334ac method=jdk.internal.org.objectweb.asm.ByteVector.putShort(I)Ljdk/internal/org/objectweb/asm/ByteVector; @ 13 c2
Event: 28.044 Thread 0x0000019dfc10b960 DEOPT PACKING pc=0x0000019d87b334ac sp=0x00000075b91fd220
Event: 28.044 Thread 0x0000019dfc10b960 DEOPT UNPACKING pc=0x0000019d87583aa2 sp=0x00000075b91fd1b8 mode 2
Event: 28.057 Thread 0x0000019dfc10a5b0 Uncommon trap: trap_request=0xffffff45 fr.pc=0x0000019d87bf8f50 relative=0x0000000000000c90
Event: 28.057 Thread 0x0000019dfc10a5b0 Uncommon trap: reason=unstable_if action=reinterpret pc=0x0000019d87bf8f50 method=java.io.BufferedInputStream.implRead([BII)I @ 30 c2
Event: 28.057 Thread 0x0000019dfc10a5b0 DEOPT PACKING pc=0x0000019d87bf8f50 sp=0x00000075b90fe890
Event: 28.057 Thread 0x0000019dfc10a5b0 DEOPT UNPACKING pc=0x0000019d87583aa2 sp=0x00000075b90fe7e8 mode 2
Event: 28.058 Thread 0x0000019dfc10a5b0 Uncommon trap: trap_request=0xffffff76 fr.pc=0x0000019d87c6391c relative=0x000000000000039c
Event: 28.058 Thread 0x0000019dfc10a5b0 Uncommon trap: reason=predicate action=maybe_recompile pc=0x0000019d87c6391c method=java.util.regex.Pattern$BmpCharPropertyGreedy.match(Ljava/util/regex/Matcher;ILjava/lang/CharSequence;)Z @ 12 c2
Event: 28.058 Thread 0x0000019dfc10a5b0 DEOPT PACKING pc=0x0000019d87c6391c sp=0x00000075b90fe620
Event: 28.058 Thread 0x0000019dfc10a5b0 DEOPT UNPACKING pc=0x0000019d87583aa2 sp=0x00000075b90fe5c8 mode 2
Event: 29.563 Thread 0x0000019dfc193cf0 DEOPT PACKING pc=0x0000019d800bb3b9 sp=0x00000075b8bf7ad0
Event: 29.563 Thread 0x0000019dfc193cf0 DEOPT UNPACKING pc=0x0000019d87584242 sp=0x00000075b8bf6fd0 mode 0

Classes loaded (20 events):
Event: 29.523 Loading class sun/reflect/annotation/TypeAnnotation$LocationInfo$Location
Event: 29.523 Loading class sun/reflect/annotation/TypeAnnotation$LocationInfo$Location done
Event: 29.523 Loading class sun/reflect/annotation/AnnotatedTypeFactory
Event: 29.523 Loading class sun/reflect/annotation/AnnotatedTypeFactory done
Event: 29.523 Loading class sun/reflect/annotation/AnnotatedTypeFactory$AnnotatedTypeBaseImpl
Event: 29.524 Loading class sun/reflect/annotation/AnnotatedTypeFactory$AnnotatedTypeBaseImpl done
Event: 29.561 Loading class java/lang/reflect/UndeclaredThrowableException
Event: 29.561 Loading class java/lang/reflect/UndeclaredThrowableException done
Event: 29.562 Loading class java/lang/annotation/ElementType
Event: 29.563 Loading class java/lang/annotation/ElementType done
Event: 29.563 Loading class java/lang/annotation/Documented
Event: 29.563 Loading class java/lang/annotation/Documented done
Event: 29.582 Loading class java/lang/reflect/ParameterizedType
Event: 29.582 Loading class java/lang/reflect/ParameterizedType done
Event: 29.586 Loading class java/lang/reflect/WildcardType
Event: 29.586 Loading class java/lang/reflect/WildcardType done
Event: 29.589 Loading class sun/reflect/generics/tree/TypeVariableSignature
Event: 29.589 Loading class sun/reflect/generics/tree/TypeVariableSignature done
Event: 29.602 Loading class java/lang/Deprecated
Event: 29.602 Loading class java/lang/Deprecated done

Classes unloaded (7 events):
Event: 27.397 Thread 0x0000019deec9e560 Unloading class 0x0000019d9019d000 'java/lang/invoke/LambdaForm$MH+0x0000019d9019d000'
Event: 27.397 Thread 0x0000019deec9e560 Unloading class 0x0000019d9019cc00 'java/lang/invoke/LambdaForm$MH+0x0000019d9019cc00'
Event: 27.397 Thread 0x0000019deec9e560 Unloading class 0x0000019d9019c800 'java/lang/invoke/LambdaForm$MH+0x0000019d9019c800'
Event: 27.397 Thread 0x0000019deec9e560 Unloading class 0x0000019d9019c400 'java/lang/invoke/LambdaForm$MH+0x0000019d9019c400'
Event: 27.397 Thread 0x0000019deec9e560 Unloading class 0x0000019d9019c000 'java/lang/invoke/LambdaForm$BMH+0x0000019d9019c000'
Event: 27.397 Thread 0x0000019deec9e560 Unloading class 0x0000019d9019bc00 'java/lang/invoke/LambdaForm$DMH+0x0000019d9019bc00'
Event: 27.397 Thread 0x0000019deec9e560 Unloading class 0x0000019d9019a800 'java/lang/invoke/LambdaForm$DMH+0x0000019d9019a800'

Classes redefined (0 events):
No events

Internal exceptions (20 events):
Event: 27.476 Thread 0x0000019dfc193cf0 Exception <a 'java/io/FileNotFoundException'{0x00000000d55a0548}> (0x00000000d55a0548) 
thrown [s\src\hotspot\share\prims\jni.cpp, line 520]
Event: 27.476 Thread 0x0000019dfc193cf0 Exception <a 'java/io/FileNotFoundException'{0x00000000d55a13b0}> (0x00000000d55a13b0) 
thrown [s\src\hotspot\share\prims\jni.cpp, line 520]
Event: 27.477 Thread 0x0000019dfc193cf0 Exception <a 'java/io/FileNotFoundException'{0x00000000d55a2320}> (0x00000000d55a2320) 
thrown [s\src\hotspot\share\prims\jni.cpp, line 520]
Event: 27.861 Thread 0x0000019dfc10a5b0 Exception <a 'java/lang/NoSuchMethodError'{0x00000000d583b890}: 'java.lang.Object java.lang.invoke.DirectMethodHandle$Holder.invokeStaticInit(java.lang.Object, java.lang.Object, java.lang.Object, java.lang.Object, java.lang.Object, java.lang.Object, java.lang.Object)'> (0x00000000d583b890) 
thrown [s\src\hotspot\share\interpreter\linkResolver.cpp, line 773]
Event: 27.862 Thread 0x0000019dfc10a5b0 Exception <a 'java/lang/NoSuchMethodError'{0x00000000d5840068}: 'java.lang.Object java.lang.invoke.Invokers$Holder.invoke_MT(java.lang.Object, java.lang.Object, java.lang.Object, java.lang.Object, java.lang.Object, java.lang.Object, java.lang.Object, java.lang.Object, java.lang.Object)'> (0x00000000d5840068) 
thrown [s\src\hotspot\share\interpreter\linkResolver.cpp, line 773]
Event: 27.865 Thread 0x0000019dfc10a5b0 Exception <a 'java/lang/NoSuchMethodError'{0x00000000d5893fe0}: 'int java.lang.invoke.DirectMethodHandle$Holder.invokeVirtual(java.lang.Object, java.lang.Object, java.lang.Object)'> (0x00000000d5893fe0) 
thrown [s\src\hotspot\share\interpreter\linkResolver.cpp, line 773]
Event: 27.865 Thread 0x0000019dfc10a5b0 Exception <a 'java/lang/NoSuchMethodError'{0x00000000d5897ce8}: 'int java.lang.invoke.DirectMethodHandle$Holder.invokeStaticInit(java.lang.Object, java.lang.Object, java.lang.Object)'> (0x00000000d5897ce8) 
thrown [s\src\hotspot\share\interpreter\linkResolver.cpp, line 773]
Event: 27.865 Thread 0x0000019dfc10a5b0 Exception <a 'java/lang/NoSuchMethodError'{0x00000000d589b0f8}: 'int java.lang.invoke.DirectMethodHandle$Holder.invokeStaticInit(java.lang.Object, int, int)'> (0x00000000d589b0f8) 
thrown [s\src\hotspot\share\interpreter\linkResolver.cpp, line 773]
Event: 27.866 Thread 0x0000019dfc10a5b0 Exception <a 'java/lang/NoSuchMethodError'{0x00000000d58a2400}: 'int java.lang.invoke.DirectMethodHandle$Holder.invokeStaticInit(java.lang.Object, long, long)'> (0x00000000d58a2400) 
thrown [s\src\hotspot\share\interpreter\linkResolver.cpp, line 773]
Event: 27.866 Thread 0x0000019dfc10a5b0 Exception <a 'java/lang/NoSuchMethodError'{0x00000000d58a8d70}: 'int java.lang.invoke.DirectMethodHandle$Holder.invokeStaticInit(java.lang.Object, float, float)'> (0x00000000d58a8d70) 
thrown [s\src\hotspot\share\interpreter\linkResolver.cpp, line 773]
Event: 27.867 Thread 0x0000019dfc10a5b0 Exception <a 'java/lang/NoSuchMethodError'{0x00000000d58af698}: 'int java.lang.invoke.DirectMethodHandle$Holder.invokeStaticInit(java.lang.Object, double, double)'> (0x00000000d58af698) 
thrown [s\src\hotspot\share\interpreter\linkResolver.cpp, line 773]
Event: 27.868 Thread 0x0000019dfc10a5b0 Exception <a 'java/lang/NoSuchMethodError'{0x00000000d58b3818}: 'int java.lang.invoke.DirectMethodHandle$Holder.invokeStatic(java.lang.Object, long)'> (0x00000000d58b3818) 
thrown [s\src\hotspot\share\interpreter\linkResolver.cpp, line 773]
Event: 27.872 Thread 0x0000019dfc10a5b0 Exception <a 'java/lang/NoSuchMethodError'{0x00000000d58d64e8}: 'int java.lang.invoke.Invokers$Holder.linkToTargetMethod(java.lang.Object, java.lang.Object)'> (0x00000000d58d64e8) 
thrown [s\src\hotspot\share\interpreter\linkResolver.cpp, line 773]
Event: 28.042 Thread 0x0000019dfc10b960 Exception <a 'java/lang/NoSuchMethodError'{0x00000000d5b933f8}: 'int java.lang.invoke.DirectMethodHandle$Holder.invokeSpecial(java.lang.Object, java.lang.Object, java.lang.Object, java.lang.Object)'> (0x00000000d5b933f8) 
thrown [s\src\hotspot\share\interpreter\linkResolver.cpp, line 773]
Event: 28.043 Thread 0x0000019dfc10b960 Exception <a 'java/lang/NoSuchMethodError'{0x00000000d5ba0d38}: 'java.lang.Object java.lang.invoke.DirectMethodHandle$Holder.invokeStatic(java.lang.Object, int, java.lang.Object, java.lang.Object)'> (0x00000000d5ba0d38) 
thrown [s\src\hotspot\share\interpreter\linkResolver.cpp, line 773]
Event: 28.043 Thread 0x0000019dfc10b960 Exception <a 'java/lang/NoSuchMethodError'{0x00000000d5ba4788}: 'java.lang.Object java.lang.invoke.DelegatingMethodHandle$Holder.delegate(java.lang.Object, int, java.lang.Object, java.lang.Object)'> (0x00000000d5ba4788) 
thrown [s\src\hotspot\share\interpreter\linkResolver.cpp, line 773]
Event: 28.044 Thread 0x0000019dfc10b960 Exception <a 'java/lang/NoSuchMethodError'{0x00000000d5bb8230}: 'int java.lang.invoke.Invokers$Holder.linkToTargetMethod(java.lang.Object, java.lang.Object, java.lang.Object)'> (0x00000000d5bb8230) 
thrown [s\src\hotspot\share\interpreter\linkResolver.cpp, line 773]
Event: 28.198 Thread 0x0000019dfc10a5b0 Exception <a 'java/lang/NoSuchMethodError'{0x00000000d5d19a80}: 'java.lang.Object java.lang.invoke.DirectMethodHandle$Holder.invokeSpecialIFC(java.lang.Object, java.lang.Object, java.lang.Object, java.lang.Object)'> (0x00000000d5d19a80) 
thrown [s\src\hotspot\share\interpreter\linkResolver.cpp, line 773]
Event: 29.518 Thread 0x0000019dfc193cf0 Exception <a 'java/io/FileNotFoundException'{0x00000000d612fb00}> (0x00000000d612fb00) 
thrown [s\src\hotspot\share\prims\jni.cpp, line 520]
Event: 29.551 Thread 0x0000019dfc193cf0 Exception <a 'java/io/FileNotFoundException'{0x00000000d59892f0}> (0x00000000d59892f0) 
thrown [s\src\hotspot\share\prims\jni.cpp, line 520]

ZGC Phase Switch (0 events):
No events

VM Operations (20 events):
Event: 25.894 Executing VM operation: HandshakeAllThreads (Deoptimize)
Event: 25.894 Executing VM operation: HandshakeAllThreads (Deoptimize) done
Event: 25.959 Executing VM operation: HandshakeAllThreads (Deoptimize)
Event: 25.959 Executing VM operation: HandshakeAllThreads (Deoptimize) done
Event: 25.968 Executing VM operation: HandshakeAllThreads (Deoptimize)
Event: 25.968 Executing VM operation: HandshakeAllThreads (Deoptimize) done
Event: 26.369 Executing VM operation: ParallelGCFailedAllocation (Allocation Failure)
Event: 26.374 Executing VM operation: ParallelGCFailedAllocation (Allocation Failure) done
Event: 27.338 Executing VM operation: ParallelGCFailedAllocation (Allocation Failure)
Event: 27.344 Executing VM operation: ParallelGCFailedAllocation (Allocation Failure) done
Event: 27.390 Executing VM operation: CollectForMetadataAllocation (Metadata GC Threshold)
Event: 27.424 Executing VM operation: CollectForMetadataAllocation (Metadata GC Threshold) done
Event: 27.932 Executing VM operation: HandshakeAllThreads (Deoptimize)
Event: 27.932 Executing VM operation: HandshakeAllThreads (Deoptimize) done
Event: 28.933 Executing VM operation: Cleanup
Event: 28.933 Executing VM operation: Cleanup done
Event: 29.195 Executing VM operation: ParallelGCFailedAllocation (Allocation Failure)
Event: 29.196 Executing VM operation: ParallelGCFailedAllocation (Allocation Failure) done
Event: 29.546 Executing VM operation: ParallelGCFailedAllocation (Allocation Failure)
Event: 29.547 Executing VM operation: ParallelGCFailedAllocation (Allocation Failure) done

Memory protections (0 events):
No events

Nmethod flushes (0 events):
No events

Events (20 events):
Event: 13.584 Thread 0x0000019deebe4800 Thread added: 0x0000019dfc1d8780
Event: 13.669 Thread 0x0000019dfc1d8780 Thread added: 0x0000019dfc00a770
Event: 13.673 Thread 0x0000019deebe4800 Thread added: 0x0000019dfc193cf0
Event: 13.918 Thread 0x0000019df664e570 Thread added: 0x0000019dfc91b340
Event: 14.708 Thread 0x0000019dfc91b340 Thread exited: 0x0000019dfc91b340
Event: 17.405 Thread 0x0000019dfc193cf0 Thread added: 0x0000019dfcf7b5f0
Event: 23.989 Thread 0x0000019dfc193cf0 Thread added: 0x0000019dfcea5e50
Event: 24.130 Thread 0x0000019dfc193cf0 Thread added: 0x0000019dfc10bff0
Event: 24.482 Thread 0x0000019df664e570 Thread added: 0x0000019dfcdbfee0
Event: 24.953 Thread 0x0000019dfcdbfee0 Thread exited: 0x0000019dfcdbfee0
Event: 25.049 Thread 0x0000019dfc193cf0 Thread added: 0x0000019dfc109f20
Event: 25.730 Thread 0x0000019dfc193cf0 Thread added: 0x0000019dfc10a5b0
Event: 25.758 Thread 0x0000019dfc10a5b0 Thread added: 0x0000019dfc10b960
Event: 25.912 Thread 0x0000019df664e570 Thread added: 0x0000019dfc415520
Event: 27.124 Thread 0x0000019dfc415520 Thread exited: 0x0000019dfc415520
Event: 27.671 Thread 0x0000019dfc10a5b0 Thread added: 0x0000019dfc10cd10
Event: 27.860 Thread 0x0000019dfc10cd10 Thread added: 0x0000019dfc10ac40
Event: 28.573 Thread 0x0000019df664e570 Thread added: 0x0000019dfcf6a110
Event: 28.815 Thread 0x0000019dfcf6a110 Thread exited: 0x0000019dfcf6a110
Event: 29.565 Thread 0x0000019df664e570 Thread added: 0x0000019dfcf6a110


Dynamic libraries:
0x00007ff7edcd0000 - 0x00007ff7edcde000 	c:\Users\Aluno\.vscode\extensions\redhat.java-1.43.1-win32-x64\jre\21.0.7-win32-x86_64\bin\java.exe
0x00007ffb94ed0000 - 0x00007ffb950e7000 	C:\WINDOWS\SYSTEM32\ntdll.dll
0x00007ffb92e60000 - 0x00007ffb92f24000 	C:\WINDOWS\System32\KERNEL32.DLL
0x00007ffb92630000 - 0x00007ffb92a02000 	C:\WINDOWS\System32\KERNELBASE.dll
0x00007ffb91fc0000 - 0x00007ffb920d1000 	C:\WINDOWS\System32\ucrtbase.dll
0x00007ffb39840000 - 0x00007ffb39858000 	c:\Users\Aluno\.vscode\extensions\redhat.java-1.43.1-win32-x64\jre\21.0.7-win32-x86_64\bin\jli.dll
0x00007ffb930f0000 - 0x00007ffb932a1000 	C:\WINDOWS\System32\USER32.dll
0x00007ffb92220000 - 0x00007ffb92246000 	C:\WINDOWS\System32\win32u.dll
0x00007ffb93740000 - 0x00007ffb93769000 	C:\WINDOWS\System32\GDI32.dll
0x00007ffb922d0000 - 0x00007ffb923f3000 	C:\WINDOWS\System32\gdi32full.dll
0x00007ffb92a40000 - 0x00007ffb92ada000 	C:\WINDOWS\System32\msvcp_win.dll
0x00007ffb39820000 - 0x00007ffb3983e000 	c:\Users\Aluno\.vscode\extensions\redhat.java-1.43.1-win32-x64\jre\21.0.7-win32-x86_64\bin\VCRUNTIME140.dll
0x00007ffb91290000 - 0x00007ffb9152b000 	C:\WINDOWS\WinSxS\amd64_microsoft.windows.common-controls_6595b64144ccf1df_6.0.22621.5547_none_27104afb73855772\COMCTL32.dll
0x00007ffb94de0000 - 0x00007ffb94e87000 	C:\WINDOWS\System32\msvcrt.dll
0x00007ffb932b0000 - 0x00007ffb932e1000 	C:\WINDOWS\System32\IMM32.DLL
0x00007ffb590d0000 - 0x00007ffb590dc000 	c:\Users\Aluno\.vscode\extensions\redhat.java-1.43.1-win32-x64\jre\21.0.7-win32-x86_64\bin\vcruntime140_1.dll
0x00007ffb39790000 - 0x00007ffb3981d000 	c:\Users\Aluno\.vscode\extensions\redhat.java-1.43.1-win32-x64\jre\21.0.7-win32-x86_64\bin\msvcp140.dll
0x00007ffb38a00000 - 0x00007ffb39790000 	c:\Users\Aluno\.vscode\extensions\redhat.java-1.43.1-win32-x64\jre\21.0.7-win32-x86_64\bin\server\jvm.dll
0x00007ffb94880000 - 0x00007ffb94931000 	C:\WINDOWS\System32\ADVAPI32.dll
0x00007ffb93770000 - 0x00007ffb93818000 	C:\WINDOWS\System32\sechost.dll
0x00007ffb92a10000 - 0x00007ffb92a38000 	C:\WINDOWS\System32\bcrypt.dll
0x00007ffb94c40000 - 0x00007ffb94d54000 	C:\WINDOWS\System32\RPCRT4.dll
0x00007ffb92c70000 - 0x00007ffb92ce1000 	C:\WINDOWS\System32\WS2_32.dll
0x00007ffb91e90000 - 0x00007ffb91edd000 	C:\WINDOWS\SYSTEM32\POWRPROF.dll
0x00007ffb83b00000 - 0x00007ffb83b34000 	C:\WINDOWS\SYSTEM32\WINMM.dll
0x00007ffb8de60000 - 0x00007ffb8de6a000 	C:\WINDOWS\SYSTEM32\VERSION.dll
0x00007ffb91e70000 - 0x00007ffb91e83000 	C:\WINDOWS\SYSTEM32\UMPDC.dll
0x00007ffb90720000 - 0x00007ffb90738000 	C:\WINDOWS\SYSTEM32\kernel.appcore.dll
0x00007ffb389f0000 - 0x00007ffb389fa000 	c:\Users\Aluno\.vscode\extensions\redhat.java-1.43.1-win32-x64\jre\21.0.7-win32-x86_64\bin\jimage.dll
0x00007ffb91840000 - 0x00007ffb91a73000 	C:\WINDOWS\SYSTEM32\DBGHELP.DLL
0x00007ffb933a0000 - 0x00007ffb93733000 	C:\WINDOWS\System32\combase.dll
0x00007ffb92d70000 - 0x00007ffb92e47000 	C:\WINDOWS\System32\OLEAUT32.dll
0x00007ffb91720000 - 0x00007ffb91752000 	C:\WINDOWS\SYSTEM32\dbgcore.DLL
0x00007ffb92250000 - 0x00007ffb922cb000 	C:\WINDOWS\System32\bcryptPrimitives.dll
0x00007ffb38870000 - 0x00007ffb3887f000 	c:\Users\Aluno\.vscode\extensions\redhat.java-1.43.1-win32-x64\jre\21.0.7-win32-x86_64\bin\instrument.dll
0x00007ffb38760000 - 0x00007ffb3877f000 	c:\Users\Aluno\.vscode\extensions\redhat.java-1.43.1-win32-x64\jre\21.0.7-win32-x86_64\bin\java.dll
0x00007ffb93ca0000 - 0x00007ffb94542000 	C:\WINDOWS\System32\SHELL32.dll
0x00007ffb920e0000 - 0x00007ffb9221f000 	C:\WINDOWS\System32\wintypes.dll
0x00007ffb8f4a0000 - 0x00007ffb8fdbd000 	C:\WINDOWS\SYSTEM32\windows.storage.dll
0x00007ffb94580000 - 0x00007ffb9468c000 	C:\WINDOWS\System32\SHCORE.dll
0x00007ffb94b40000 - 0x00007ffb94ba9000 	C:\WINDOWS\System32\shlwapi.dll
0x00007ffb91ef0000 - 0x00007ffb91f1b000 	C:\WINDOWS\SYSTEM32\profapi.dll
0x00007ffb38740000 - 0x00007ffb38758000 	c:\Users\Aluno\.vscode\extensions\redhat.java-1.43.1-win32-x64\jre\21.0.7-win32-x86_64\bin\zip.dll
0x00007ffb389e0000 - 0x00007ffb389f0000 	C:\Users\Aluno\.vscode\extensions\redhat.java-1.43.1-win32-x64\jre\21.0.7-win32-x86_64\bin\net.dll
0x00007ffb8c0c0000 - 0x00007ffb8c1ec000 	C:\WINDOWS\SYSTEM32\WINHTTP.dll
0x00007ffb90b60000 - 0x00007ffb90bc9000 	C:\WINDOWS\system32\mswsock.dll
0x00007ffb389c0000 - 0x00007ffb389d6000 	C:\Users\Aluno\.vscode\extensions\redhat.java-1.43.1-win32-x64\jre\21.0.7-win32-x86_64\bin\nio.dll
0x00007ffb387d0000 - 0x00007ffb387e0000 	c:\Users\Aluno\.vscode\extensions\redhat.java-1.43.1-win32-x64\jre\21.0.7-win32-x86_64\bin\verify.dll
0x00007ffb701e0000 - 0x00007ffb70225000 	C:\Users\Aluno\AppData\Roaming\Code\User\globalStorage\redhat.java\1.43.1\config_win\org.eclipse.equinox.launcher\org.eclipse.equinox.launcher.win32.win32.x86_64_1.2.1300.v20250331-1702\eclipse_11911.dll
0x00007ffb949a0000 - 0x00007ffb94b40000 	C:\WINDOWS\System32\ole32.dll
0x00007ffb8dca0000 - 0x00007ffb8dcaa000 	C:\Users\Aluno\.vscode\extensions\redhat.java-1.43.1-win32-x64\jre\21.0.7-win32-x86_64\bin\management.dll
0x00007ffb8dc90000 - 0x00007ffb8dc9b000 	C:\Users\Aluno\.vscode\extensions\redhat.java-1.43.1-win32-x64\jre\21.0.7-win32-x86_64\bin\management_ext.dll
0x00007ffb92d60000 - 0x00007ffb92d68000 	C:\WINDOWS\System32\PSAPI.DLL

dbghelp: loaded successfully - version: 4.0.5 - missing functions: none
symbol engine: initialized successfully - sym options: 0x614 - pdb path: .;c:\Users\Aluno\.vscode\extensions\redhat.java-1.43.1-win32-x64\jre\21.0.7-win32-x86_64\bin;C:\WINDOWS\SYSTEM32;C:\WINDOWS\WinSxS\amd64_microsoft.windows.common-controls_6595b64144ccf1df_6.0.22621.5547_none_27104afb73855772;c:\Users\Aluno\.vscode\extensions\redhat.java-1.43.1-win32-x64\jre\21.0.7-win32-x86_64\bin\server;C:\Users\Aluno\AppData\Roaming\Code\User\globalStorage\redhat.java\1.43.1\config_win\org.eclipse.equinox.launcher\org.eclipse.equinox.launcher.win32.win32.x86_64_1.2.1300.v20250331-1702

VM Arguments:
jvm_args: --add-modules=ALL-SYSTEM --add-opens=java.base/java.util=ALL-UNNAMED --add-opens=java.base/java.lang=ALL-UNNAMED --add-opens=java.base/sun.nio.fs=ALL-UNNAMED -Declipse.application=org.eclipse.jdt.ls.core.id1 -Dosgi.bundles.defaultStartLevel=4 -Declipse.product=org.eclipse.jdt.ls.core.product -Djava.import.generatesMetadataFilesAtProjectRoot=false -DDetectVMInstallationsJob.disabled=true -Dfile.encoding=utf8 -XX:+UseParallelGC -XX:GCTimeRatio=4 -XX:AdaptiveSizePolicyWeight=90 -Dsun.zip.disableMemoryMapping=true -Xmx2G -Xms100m -Xlog:disable -javaagent:c:\Users\Aluno\.vscode\extensions\redhat.java-1.43.1-win32-x64\lombok\lombok-1.18.39-4050.jar -XX:+HeapDumpOnOutOfMemoryError -XX:HeapDumpPath=c:\Users\Aluno\AppData\Roaming\Code\User\workspaceStorage\84fe441034c6b8216b73daad4324360a\redhat.java -Daether.dependencyCollector.impl=bf 
java_command: c:\Users\Aluno\.vscode\extensions\redhat.java-1.43.1-win32-x64\server\plugins\org.eclipse.equinox.launcher_1.7.0.v20250519-0528.jar -configuration c:\Users\Aluno\AppData\Roaming\Code\User\globalStorage\redhat.java\1.43.1\config_win -data c:\Users\Aluno\AppData\Roaming\Code\User\workspaceStorage\84fe441034c6b8216b73daad4324360a\redhat.java\jdt_ws --pipe=\\.\pipe\lsp-56225f7f6be1d0f06c624b567c87f903-sock
java_class_path (initial): c:\Users\Aluno\.vscode\extensions\redhat.java-1.43.1-win32-x64\server\plugins\org.eclipse.equinox.launcher_1.7.0.v20250519-0528.jar
Launcher Type: SUN_STANDARD

[Global flags]
    uintx AdaptiveSizePolicyWeight                 = 90                                        {product} {command line}
     intx CICompilerCount                          = 4                                         {product} {ergonomic}
    uintx GCTimeRatio                              = 4                                         {product} {command line}
     bool HeapDumpOnOutOfMemoryError               = true                                   {manageable} {command line}
    ccstr HeapDumpPath                             = c:\Users\Aluno\AppData\Roaming\Code\User\workspaceStorage\84fe441034c6b8216b73daad4324360a\redhat.java         {manageable} {command line}
   size_t InitialHeapSize                          = 104857600                                 {product} {command line}
   size_t MaxHeapSize                              = 2147483648                                {product} {command line}
   size_t MaxNewSize                               = 715653120                                 {product} {ergonomic}
   size_t MinHeapDeltaBytes                        = 524288                                    {product} {ergonomic}
   size_t MinHeapSize                              = 104857600                                 {product} {command line}
   size_t NewSize                                  = 34603008                                  {product} {ergonomic}
    uintx NonNMethodCodeHeapSize                   = 5839372                                {pd product} {ergonomic}
    uintx NonProfiledCodeHeapSize                  = 122909434                              {pd product} {ergonomic}
   size_t OldSize                                  = 70254592                                  {product} {ergonomic}
    uintx ProfiledCodeHeapSize                     = 122909434                              {pd product} {ergonomic}
    uintx ReservedCodeCacheSize                    = 251658240                              {pd product} {ergonomic}
     bool SegmentedCodeCache                       = true                                      {product} {ergonomic}
   size_t SoftMaxHeapSize                          = 2147483648                             {manageable} {ergonomic}
     bool UseCompressedOops                        = true                           {product lp64_product} {ergonomic}
     bool UseLargePagesIndividualAllocation        = false                                  {pd product} {ergonomic}
     bool UseParallelGC                            = true                                      {product} {command line}

Logging:
Log output configuration:
 #0: stdout all=off uptime,level,tags foldmultilines=false
 #1: stderr all=off uptime,level,tags foldmultilines=false

Environment Variables:
JAVA_HOME=C:\Program Files\Java\jdk-24
CLASSPATH=C:\GNAT\2014\lib\ajis.jar;C:\Program Files\Java\jdk-24\lib;C:\Program Files\Java\jdk-24\lib\tools.jar;C:\Program Files\Java\jdk-24\lib\dt.jar;C:\Program Files\Java\jdk-24\lib\htmlconverter.jar;C:\Program Files\Java\jdk-24\jre\lib;C:\Program Files\Java\jdk-24\jre\lib\rt.jar;
PATH=C:\GtkAda\bin;C:\SPARK\gpl-2014\bin;C:\GNAT\2014\bin;C:\Program Files\Python310\Scripts\;C:\Program Files\Python310\;C:\Program Files\Common Files\Oracle\Java\javapath;C:\Program Files (x86)\Common Files\Oracle\Java\java8path;C:\Program Files (x86)\Common Files\Oracle\Java\javapath;C:\WINDOWS\system32;C:\WINDOWS;C:\WINDOWS\System32\Wbem;C:\WINDOWS\System32\WindowsPowerShell\v1.0\;C:\WINDOWS\System32\OpenSSH\;C:\Program Files\swipl\bin;C:\Program Files (x86)\Microchip\MPLAB C32 Suite\bin;C:\Program Files\nodejs\;C:\Program Files\Microsoft VS Code\bin;C:\Program Files\Java\jdk-24\bin;C:\ProgramData\chocolatey\bin;C:\Program Files\MongoDB\Server\5.0\bin;C:\Program Files\MongoDB\Tools\100\bin;C:\sqlite;C:\Program Files\MATLAB\R2014a\runtime\win64;C:\Program Files\MATLAB\R2014a\bin;C:\Program Files\Calibre2\;C:\Program Files\Git\cmd;C:\Program Files (x86)\Windows Kits\10\Windows Performance Toolkit\;C:\Install\flutter\bin;C:\Users\Aluno\AppData\Local\Microsoft\WindowsApps;C:\Users\Aluno\AppData\Local\Programs\mongosh\;C:\Users\Aluno\Downloads\flutter\bin;C:\Users\Aluno\AppData\Local\Pub\Cache\bin;C:\Users\Aluno\AppData\Local\Programs\Git\cmd;C:\Users\Aluno\AppData\Local\Microsoft\WinGet\Packages\Google.DartSDK_Microsoft.Winget.Source_8wekyb3d8bbwe\dart-sdk\bin;
USERNAME=Aluno
OS=Windows_NT
PROCESSOR_IDENTIFIER=Intel64 Family 6 Model 165 Stepping 3, GenuineIntel
TMP=C:\Users\Aluno\AppData\Local\Temp
TEMP=C:\Users\Aluno\AppData\Local\Temp




Periodic native trim disabled

---------------  S Y S T E M  ---------------

OS:
 Windows 11 , 64 bit Build 22621 (10.0.22621.5415)
OS uptime: 0 days 0:38 hours

CPU: total 8 (initial active 8) (4 cores per cpu, 2 threads per core) family 6 model 165 stepping 3 microcode 0xe0, cx8, cmov, fxsr, ht, mmx, 3dnowpref, sse, sse2, sse3, ssse3, sse4.1, sse4.2, popcnt, lzcnt, tsc, tscinvbit, avx, avx2, aes, erms, clmul, bmi1, bmi2, adx, fma, vzeroupper, clflush, clflushopt, rdtscp, f16c
Processor Information for the first 8 processors :
  Max Mhz: 2901, Current Mhz: 2901, Mhz Limit: 2901

Memory: 4k page, system-wide physical 7582M (598M free)
TotalPageFile size 12522M (AvailPageFile size 1711M)
current process WorkingSet (physical memory assigned to process): 169M, peak: 171M
current process commit charge ("private bytes"): 300M, peak: 303M

vm_info: OpenJDK 64-Bit Server VM (21.0.7+6-LTS) for windows-amd64 JRE (21.0.7+6-LTS), built on 2025-04-15T00:00:00Z by "admin" with MS VC++ 17.7 (VS2022)

END.
