#
# A fatal error has been detected by the Java Runtime Environment:
#
#  EXCEPTION_ACCESS_VIOLATION (0xc0000005) at pc=0x00007ffe0bcd8c20, pid=14820, tid=14344
#
# JRE version: Java(TM) SE Runtime Environment (24.0+36) (build 24+36-3646)
# Java VM: Java HotSpot(TM) 64-Bit Server VM (24+36-3646, mixed mode, sharing, tiered, compressed oops, compressed class ptrs, g1 gc, windows-amd64)
# Problematic frame:
# V  [jvm.dll+0x3f8c20]
#
# No core dump will be written. Minidumps are not enabled by default on client versions of Windows
#
# If you would like to submit a bug report, please visit:
#   https://bugreport.java.com/bugreport/crash.jsp
#

---------------  S U M M A R Y ------------

Command Line: org.jetbrains.kotlin.cli.jvm.K2JVMCompiler @C:\Install\flutter\packages\flutter_tools\gradle\build\20250710_2866489682092744225.compiler.options

Host: Intel(R) Core(TM) i3-10100T CPU @ 3.00GHz, 8 cores, 7G,  Windows 11 , 64 bit Build 22621 (10.0.22621.5415)
Time: Thu Jul 10 19:12:08 2025 Hora oficial do Brasil elapsed time: 17.009389 seconds (0d 0h 0m 17s)

---------------  T H R E A D  ---------------

Current thread (0x0000029530c516c0):  JavaThread "C2 CompilerThread0" daemon [_thread_in_native, id=14344, stack(0x000000feb3900000,0x000000feb3a00000) (1024K)]


Current CompileTask:
C2:17009 12059       4       org.jetbrains.kotlin.types.checker.NewKotlinTypeCheckerImpl::isSubtypeOf (48 bytes)

Stack: [0x000000feb3900000,0x000000feb3a00000],  sp=0x000000feb39fc650,  free space=1009k
Native frames: (J=compiled Java code, j=interpreted, Vv=VM code, C=native code)
V  [jvm.dll+0x3f8c20]  (no source info available)
V  [jvm.dll+0x3f1b68]  (no source info available)
V  [jvm.dll+0x205e49]  (no source info available)
V  [jvm.dll+0x26f7b0]  (no source info available)
V  [jvm.dll+0x26e9ff]  (no source info available)
V  [jvm.dll+0x1e9d00]  (no source info available)
V  [jvm.dll+0x27e1bb]  (no source info available)
V  [jvm.dll+0x27c45a]  (no source info available)
V  [jvm.dll+0x42f566]  (no source info available)
V  [jvm.dll+0x87d8fb]  (no source info available)
V  [jvm.dll+0x72efe5]  (no source info available)
C  [ucrtbase.dll+0x29333]  (no source info available)
C  [KERNEL32.DLL+0x1259d]  (no source info available)
C  [ntdll.dll+0x5af78]  (no source info available)


siginfo: EXCEPTION_ACCESS_VIOLATION (0xc0000005), reading address 0x00000a957bd55200


Registers:
RAX=0x0000000000000000, RBX=0x0000000000000003, RCX=0x0000000000000000, RDX=0x00000a957bd55200
RSP=0x000000feb39fc650, RBP=0x00007ffe0c578188, RSI=0x0000000000000000, RDI=0x000000feb39fc6a0
R8 =0x000002957ad1a100, R9 =0x000000000000000f, R10=0x0000000000000000, R11=0x0000000000000004
R12=0x0000000000000000, R13=0x0000000000000000, R14=0x000000feb39fc7c0, R15=0x00000000000003d6
RIP=0x00007ffe0bcd8c20, EFLAGS=0x0000000000010246

XMM[0]=0x0000000000000000 0x0000000000000000
XMM[1]=0x0000000000000000 0x0000000000000000
XMM[2]=0x0000000000000000 0x0000000000000000
XMM[3]=0x0000000000000000 0x0000000000000000
XMM[4]=0x0000000000000000 0x0000000000000000
XMM[5]=0x0000000000000000 0x0000000000000000
XMM[6]=0x0000000000000000 0x0000000000000000
XMM[7]=0x0000000000000000 0x0000000000000000
XMM[8]=0x0000000000000000 0x0000000000000000
XMM[9]=0x0000000000000000 0x0000000000000000
XMM[10]=0x0000000000000000 0x0000000000000000
XMM[11]=0x0000000000000000 0x0000000000000000
XMM[12]=0x0000000000000000 0x0000000000000000
XMM[13]=0x0000000000000000 0x0000000000000000
XMM[14]=0x0000000000000000 0x0000000000000000
XMM[15]=0x0000000000000000 0x0000000000000000
  MXCSR=0x00001fa0


Register to memory mapping:

RAX=0x0 is null
RBX=0x0000000000000003 is an unknown value
RCX=0x0 is null
RDX=0x00000a957bd55200 is an unknown value
RSP=0x000000feb39fc650 is pointing into the stack for thread: 0x0000029530c516c0
RBP=0x00007ffe0c578188 jvm.dll
RSI=0x0 is null
RDI=0x000000feb39fc6a0 is pointing into the stack for thread: 0x0000029530c516c0
R8 =0x000002957ad1a100 points into unknown readable memory: 0x0000000f00000003 | 03 00 00 00 0f 00 00 00
R9 =0x000000000000000f is an unknown value
R10=0x0 is null
R11=0x0000000000000004 is an unknown value
R12=0x0 is null
R13=0x0 is null
R14=0x000000feb39fc7c0 is pointing into the stack for thread: 0x0000029530c516c0
R15=0x00000000000003d6 is an unknown value

Top of Stack: (sp=0x000000feb39fc650)
0x000000feb39fc650:   0000000000001351 00007ffe0bcd8d74   Q.......t.......
0x000000feb39fc660:   0000029530c20000 0000000000000000   ...0............
0x000000feb39fc670:   0000000000000000 00007ffe0bcd1b68   ........h.......
0x000000feb39fc680:   00000000000003d6 0000000000000001   ................
0x000000feb39fc690:   0000000000000000 000000feb39fc7c0   ................
0x000000feb39fc6a0:   0000000000000000 0000000400000000   ................
0x000000feb39fc6b0:   0000000f00000000 00000a957bd55200   .........R.{....
0x000000feb39fc6c0:   000002957ab22ce0 000002957ad1a100   .,.z.......z....
0x000000feb39fc6d0:   0000029579a08fc0 0000000000000000   ...y............
0x000000feb39fc6e0:   0000029579a08fb0 000000feb39fcc40   ...y....@.......
0x000000feb39fc6f0:   0000000000000001 00007ffe0bae5e49   ........I^......
0x000000feb39fc700:   000000feb39fcb60 000000feb39fc800   `...............
0x000000feb39fc710:   0000029579a09398 0000029579a08fb0   ...y.......y....
0x000000feb39fc720:   0000000000000000 0000000000000000   ................
0x000000feb39fc730:   0000000000000107 00000000003d1740   ........@.=.....
0x000000feb39fc740:   0000029579a08fb0 000002957bb48fc0   ...y.......{....
0x000000feb39fc750:   000002957bb4ef70 000002957bb50fa8   p..{.......{....
0x000000feb39fc760:   0000029579a08fc0 0000000000000000   ...y............
0x000000feb39fc770:   0000000000000000 0000000000000000   ................
0x000000feb39fc780:   0000000000000000 0000000000007f00   ................
0x000000feb39fc790:   0000000000007fd8 00007ffe0c383350   ........P38.....
0x000000feb39fc7a0:   0000000000000000 000000feb39fe030   ........0.......
0x000000feb39fc7b0:   0000000000000000 00007ffe00001c00   ................
0x000000feb39fc7c0:   000002950000000c 000000feb39fe030   ........0.......
0x000000feb39fc7d0:   000002957acf3b40 00007ffe0b9aec01   @;.z............
0x000000feb39fc7e0:   000002957cd8ad90 0000029500001352   ...|....R.......
0x000000feb39fc7f0:   000000feb39fc730 0000029579a08fc0   0..........y....
0x000000feb39fc800:   00007ffe0c2f69e8 000000000000000d   .i/.............
0x000000feb39fc810:   000000feb39fe030 000000feb39fcb60   0.......`.......
0x000000feb39fc820:   0000029500001d8d 00007ffe0b9af038   ........8.......
0x000000feb39fc830:   000002950000000a 000000feb39fe030   ........0.......
0x000000feb39fc840:   00000295786fdad0 0000000000000000   ..ox............

Instructions: (pc=0x00007ffe0bcd8c20)
  0x00007ffe0bcd8b20:   48 8b 8e e8 08 00 00 48 85 c9 75 0c e8 2f 09 00
  0x00007ffe0bcd8b30:   00 48 8b 8e e8 08 00 00 48 8b 01 0f 57 c0 48 89
  0x00007ffe0bcd8b40:   86 e8 08 00 00 0f 11 01 0f 11 41 10 0f 10 45 00
  0x00007ffe0bcd8b50:   0f 11 01 0f 10 4d 10 0f 11 49 10 48 8b 43 08 49
  0x00007ffe0bcd8b60:   89 0c 06 48 8d 0d 1e f6 89 00 ff c7 ba 48 00 00
  0x00007ffe0bcd8b70:   00 3b bb 90 00 00 00 0f 82 63 ff ff ff 4c 8b 74
  0x00007ffe0bcd8b80:   24 60 4c 8b 64 24 58 48 8b 6c 24 50 48 8b c3 48
  0x00007ffe0bcd8b90:   83 c4 20 41 5f 41 5d 5f 5e 5b c3 cc cc cc cc cc
  0x00007ffe0bcd8ba0:   48 89 74 24 18 57 48 83 ec 20 8b 51 0c 48 8b f9
  0x00007ffe0bcd8bb0:   83 fa 04 73 29 48 8b 49 18 0f 1f 80 00 00 00 00
  0x00007ffe0bcd8bc0:   8b c2 44 8d 4a 01 48 83 3c c1 00 4c 8d 14 c1 0f
  0x00007ffe0bcd8bd0:   85 91 00 00 00 41 8b d1 41 83 f9 04 72 e2 48 89
  0x00007ffe0bcd8be0:   5c 24 30 8b 5f 10 48 89 6c 24 38 3b 5f 14 73 5f
  0x00007ffe0bcd8bf0:   48 8d 2d 91 f5 89 00 66 0f 1f 84 00 00 00 00 00
  0x00007ffe0bcd8c00:   48 8b 47 20 8b cb 48 8b 14 c8 48 3b d5 74 39 33
  0x00007ffe0bcd8c10:   c0 48 89 57 18 33 c9 66 0f 1f 84 00 00 00 00 00
=>0x00007ffe0bcd8c20:   48 83 3c 11 00 44 8d 48 01 75 78 48 83 c1 08 41
  0x00007ffe0bcd8c30:   8b c1 41 83 f9 04 72 e8 48 8b 4f 28 48 85 c9 74
  0x00007ffe0bcd8c40:   07 8b d3 e8 58 01 00 00 ff c3 3b 5f 14 72 b1 33
  0x00007ffe0bcd8c50:   c0 48 8b 5c 24 30 48 8b 6c 24 38 48 8b 74 24 40
  0x00007ffe0bcd8c60:   48 83 c4 20 5f c3 8b 47 10 48 8b 74 24 40 44 8d
  0x00007ffe0bcd8c70:   04 82 41 c1 e0 06 41 81 c0 00 ff ff ff 44 89 47
  0x00007ffe0bcd8c80:   08 49 8b 12 48 0f bc c2 44 89 4f 0c 8b c8 48 d3
  0x00007ffe0bcd8c90:   ea 48 ff ca 41 03 c0 48 89 17 89 47 08 48 83 c4
  0x00007ffe0bcd8ca0:   20 5f c3 8b c8 44 8d 04 98 41 c1 e0 06 8d 43 01
  0x00007ffe0bcd8cb0:   44 89 47 08 48 8b 14 ca 89 47 10 48 0f bc c2 44
  0x00007ffe0bcd8cc0:   89 4f 0c 8b c8 48 d3 ea 48 ff ca 41 03 c0 48 89
  0x00007ffe0bcd8cd0:   17 89 47 08 e9 78 ff ff ff cc cc cc cc cc cc cc
  0x00007ffe0bcd8ce0:   40 53 48 83 ec 20 65 48 8b 04 25 58 00 00 00 8b
  0x00007ffe0bcd8cf0:   0d f7 9b 8f 00 48 8b 1c c8 b8 48 00 00 00 80 3c
  0x00007ffe0bcd8d00:   18 00 75 05 e8 9f d9 55 00 b8 20 00 00 00 48 8b
  0x00007ffe0bcd8d10:   04 18 48 8b 88 38 07 00 00 48 8b 99 80 00 00 00


Stack slot to memory mapping:

stack at sp + 0 slots: 0x0000000000001351 is an unknown value
stack at sp + 1 slots: 0x00007ffe0bcd8d74 jvm.dll
stack at sp + 2 slots: 0x0000029530c20000 points into unknown readable memory: 0x00000000ffe7dce0 | e0 dc e7 ff 00 00 00 00
stack at sp + 3 slots: 0x0 is null
stack at sp + 4 slots: 0x0 is null
stack at sp + 5 slots: 0x00007ffe0bcd1b68 jvm.dll
stack at sp + 6 slots: 0x00000000000003d6 is an unknown value
stack at sp + 7 slots: 0x0000000000000001 is an unknown value

Lock stack of current Java thread (top to bottom):


---------------  P R O C E S S  ---------------

Threads class SMR info:
_java_thread_list=0x0000029576fe4b60, length=13, elements={
0x0000029511de12e0, 0x0000029530c3c1e0, 0x0000029530c3cbe0, 0x0000029530c42fa0,
0x0000029530c43ad0, 0x0000029530c44600, 0x0000029530c45260, 0x0000029530c516c0,
0x0000029530c554c0, 0x0000029530c6e850, 0x000002957609cb80, 0x00000295774738c0,
0x00000295774747e0
}

Java Threads: ( => current thread )
  0x0000029511de12e0 JavaThread "main"                              [_thread_in_Java, id=14860, stack(0x000000feb2b00000,0x000000feb2c00000) (1024K)]
  0x0000029530c3c1e0 JavaThread "Reference Handler"          daemon [_thread_blocked, id=14592, stack(0x000000feb3300000,0x000000feb3400000) (1024K)]
  0x0000029530c3cbe0 JavaThread "Finalizer"                  daemon [_thread_blocked, id=8884, stack(0x000000feb3400000,0x000000feb3500000) (1024K)]
  0x0000029530c42fa0 JavaThread "Signal Dispatcher"          daemon [_thread_blocked, id=8672, stack(0x000000feb3500000,0x000000feb3600000) (1024K)]
  0x0000029530c43ad0 JavaThread "Attach Listener"            daemon [_thread_blocked, id=1460, stack(0x000000feb3600000,0x000000feb3700000) (1024K)]
  0x0000029530c44600 JavaThread "Service Thread"             daemon [_thread_blocked, id=16300, stack(0x000000feb3700000,0x000000feb3800000) (1024K)]
  0x0000029530c45260 JavaThread "Monitor Deflation Thread"   daemon [_thread_blocked, id=14604, stack(0x000000feb3800000,0x000000feb3900000) (1024K)]
=>0x0000029530c516c0 JavaThread "C2 CompilerThread0"         daemon [_thread_in_native, id=14344, stack(0x000000feb3900000,0x000000feb3a00000) (1024K)]
  0x0000029530c554c0 JavaThread "C1 CompilerThread0"         daemon [_thread_blocked, id=3500, stack(0x000000feb3a00000,0x000000feb3b00000) (1024K)]
  0x0000029530c6e850 JavaThread "Notification Thread"        daemon [_thread_blocked, id=16008, stack(0x000000feb3b00000,0x000000feb3c00000) (1024K)]
  0x000002957609cb80 JavaThread "Common-Cleaner"             daemon [_thread_blocked, id=15976, stack(0x000000feb3c00000,0x000000feb3d00000) (1024K)]
  0x00000295774738c0 JavaThread "C2 CompilerThread1"         daemon [_thread_in_vm, id=8848, stack(0x000000feb4200000,0x000000feb4300000) (1024K)]
  0x00000295774747e0 JavaThread "C2 CompilerThread2"         daemon [_thread_in_vm, id=15244, stack(0x000000feb4600000,0x000000feb4700000) (1024K)]
Total: 13

Other Threads:
  0x0000029530c2e2d0 VMThread "VM Thread"                           [id=5796, stack(0x000000feb3200000,0x000000feb3300000) (1024K)]
  0x0000029530c1fc30 WatcherThread "VM Periodic Task Thread"        [id=2252, stack(0x000000feb3100000,0x000000feb3200000) (1024K)]
  0x0000029514152970 WorkerThread "GC Thread#0"                     [id=15128, stack(0x000000feb2c00000,0x000000feb2d00000) (1024K)]
  0x0000029576a17cf0 WorkerThread "GC Thread#1"                     [id=14876, stack(0x000000feb3d00000,0x000000feb3e00000) (1024K)]
  0x0000029576deeeb0 WorkerThread "GC Thread#2"                     [id=9780, stack(0x000000feb3e00000,0x000000feb3f00000) (1024K)]
  0x0000029576e312b0 WorkerThread "GC Thread#3"                     [id=8544, stack(0x000000feb3f00000,0x000000feb4000000) (1024K)]
  0x0000029576e31a60 WorkerThread "GC Thread#4"                     [id=13860, stack(0x000000feb4000000,0x000000feb4100000) (1024K)]
  0x0000029576e32210 WorkerThread "GC Thread#5"                     [id=8744, stack(0x000000feb4100000,0x000000feb4200000) (1024K)]
  0x000002957745e6e0 WorkerThread "GC Thread#6"                     [id=8924, stack(0x000000feb4300000,0x000000feb4400000) (1024K)]
  0x000002957832f6b0 WorkerThread "GC Thread#7"                     [id=8892, stack(0x000000feb4400000,0x000000feb4500000) (1024K)]
  0x00000295141672a0 ConcurrentGCThread "G1 Main Marker"            [id=9620, stack(0x000000feb2d00000,0x000000feb2e00000) (1024K)]
  0x0000029514168460 WorkerThread "G1 Conc#0"                       [id=14272, stack(0x000000feb2e00000,0x000000feb2f00000) (1024K)]
  0x0000029577c5bc20 WorkerThread "G1 Conc#1"                       [id=8820, stack(0x000000feb4500000,0x000000feb4600000) (1024K)]
  0x0000029530ae0ee0 ConcurrentGCThread "G1 Refine#0"               [id=2128, stack(0x000000feb2f00000,0x000000feb3000000) (1024K)]
  0x0000029530ae1970 ConcurrentGCThread "G1 Service"                [id=14372, stack(0x000000feb3000000,0x000000feb3100000) (1024K)]
Total: 15

Threads with active compile tasks:
C2 CompilerThread0  17073 12059       4       org.jetbrains.kotlin.types.checker.NewKotlinTypeCheckerImpl::isSubtypeOf (48 bytes)
C2 CompilerThread1  17073 12158       4       org.jetbrains.kotlin.types.AbstractTypeChecker::isSubtypeOf (46 bytes)
C2 CompilerThread2  17073 12159       4       org.jetbrains.kotlin.resolve.calls.inference.components.KotlinConstraintSystemCompleter::getOrderedAllTypeVariables$collectAllTypeVariables (773 bytes)
Total: 3

VM state: not at safepoint (normal execution)

VM Mutex/Monitor currently owned by a thread: None

Heap address: 0x0000000089800000, size: 1896 MB, Compressed Oops mode: 32-bit

CDS archive(s) mapped at: [0x0000029531000000-0x0000029531d40000-0x0000029531d40000), size 13893632, SharedBaseAddress: 0x0000029531000000, ArchiveRelocationMode: 1.
Compressed class space mapped at: 0x0000029532000000-0x0000029572000000, reserved size: 1073741824
UseCompressedClassPointers 1, UseCompactObjectHeaders 0
Narrow klass pointer bits 32, Max shift 3
Narrow klass base: 0x0000029531000000, Narrow klass shift: 0
Encoding Range: [0x0000029531000000 - 0x0000029631000000), (4294967296 bytes)
Klass Range:    [0x0000029531000000 - 0x0000029572000000), (1090519040 bytes)
Klass ID Range:  [8 - 1090519033) (1090519025)

GC Precious Log:
 CardTable entry size: 512
 Card Set container configuration: InlinePtr #cards 5 size 8 Array Of Cards #cards 10 size 36 Howl #buckets 4 coarsen threshold 1843 Howl Bitmap #cards 512 size 80 coarsen threshold 460 Card regions per heap region 1 cards per card region 2048
 CPUs: 8 total, 8 available
 Memory: 7582M
 Large Page Support: Disabled
 NUMA Support: Disabled
 Compressed Oops: Enabled (32-bit)
 Heap Region Size: 1M
 Heap Min Capacity: 8M
 Heap Initial Capacity: 120M
 Heap Max Capacity: 1896M
 Pre-touch: Disabled
 Parallel Workers: 8
 Concurrent Workers: 2
 Concurrent Refinement Workers: 8
 Periodic GC: Disabled

Heap:
 garbage-first heap   total reserved 1941504K, committed 143360K, used 104893K [0x0000000089800000, 0x0000000100000000)
  region size 1024K, 24 young (24576K), 4 survivors (4096K)
 Metaspace       used 56359K, committed 57280K, reserved 1114112K
  class space    used 5564K, committed 6016K, reserved 1048576K

Heap Regions: E=young(eden), S=young(survivor), O=old, HS=humongous(starts), HC=humongous(continues), CS=collection set, F=free, TAMS=top-at-mark-start, PB=parsable bottom
|   0|0x0000000089800000, 0x0000000089900000, 0x0000000089900000|100%|HS|  |TAMS 0x0000000089800000| PB 0x0000000089800000| Complete |  0
|   1|0x0000000089900000, 0x0000000089a00000, 0x0000000089a00000|100%|HC|  |TAMS 0x0000000089900000| PB 0x0000000089900000| Complete |  0
|   2|0x0000000089a00000, 0x0000000089b00000, 0x0000000089b00000|100%|HC|  |TAMS 0x0000000089a00000| PB 0x0000000089a00000| Complete |  0
|   3|0x0000000089b00000, 0x0000000089c00000, 0x0000000089c00000|100%|HS|  |TAMS 0x0000000089b00000| PB 0x0000000089b00000| Complete |  0
|   4|0x0000000089c00000, 0x0000000089d00000, 0x0000000089d00000|100%|HS|  |TAMS 0x0000000089c00000| PB 0x0000000089c00000| Complete |  0
|   5|0x0000000089d00000, 0x0000000089e00000, 0x0000000089e00000|100%|HS|  |TAMS 0x0000000089d00000| PB 0x0000000089d00000| Complete |  0
|   6|0x0000000089e00000, 0x0000000089f00000, 0x0000000089f00000|100%|HC|  |TAMS 0x0000000089e00000| PB 0x0000000089e00000| Complete |  0
|   7|0x0000000089f00000, 0x000000008a000000, 0x000000008a000000|100%| O|  |TAMS 0x0000000089f00000| PB 0x0000000089f00000| Untracked |  0
|   8|0x000000008a000000, 0x000000008a100000, 0x000000008a100000|100%| O|  |TAMS 0x000000008a000000| PB 0x000000008a000000| Untracked |  0
|   9|0x000000008a100000, 0x000000008a200000, 0x000000008a200000|100%| O|  |TAMS 0x000000008a100000| PB 0x000000008a100000| Untracked |  0
|  10|0x000000008a200000, 0x000000008a300000, 0x000000008a300000|100%|HS|  |TAMS 0x000000008a200000| PB 0x000000008a200000| Complete |  0
|  11|0x000000008a300000, 0x000000008a400000, 0x000000008a400000|100%| O|  |TAMS 0x000000008a300000| PB 0x000000008a300000| Untracked |  0
|  12|0x000000008a400000, 0x000000008a500000, 0x000000008a500000|100%| O|  |TAMS 0x000000008a400000| PB 0x000000008a400000| Untracked |  0
|  13|0x000000008a500000, 0x000000008a600000, 0x000000008a600000|100%| O|  |TAMS 0x000000008a500000| PB 0x000000008a500000| Untracked |  0
|  14|0x000000008a600000, 0x000000008a700000, 0x000000008a700000|100%| O|  |TAMS 0x000000008a600000| PB 0x000000008a600000| Untracked |  0
|  15|0x000000008a700000, 0x000000008a800000, 0x000000008a800000|100%| O|  |TAMS 0x000000008a700000| PB 0x000000008a700000| Untracked |  0
|  16|0x000000008a800000, 0x000000008a900000, 0x000000008a900000|100%| O|  |TAMS 0x000000008a800000| PB 0x000000008a800000| Untracked |  0
|  17|0x000000008a900000, 0x000000008aa00000, 0x000000008aa00000|100%| O|  |TAMS 0x000000008a900000| PB 0x000000008a900000| Untracked |  0
|  18|0x000000008aa00000, 0x000000008ab00000, 0x000000008ab00000|100%| O|Cm|TAMS 0x000000008aa00000| PB 0x000000008aa00000| Complete |  0
|  19|0x000000008ab00000, 0x000000008ac00000, 0x000000008ac00000|100%| O|  |TAMS 0x000000008ab00000| PB 0x000000008ab00000| Untracked |  0
|  20|0x000000008ac00000, 0x000000008ad00000, 0x000000008ad00000|100%| O|  |TAMS 0x000000008ac00000| PB 0x000000008ac00000| Untracked |  0
|  21|0x000000008ad00000, 0x000000008ae00000, 0x000000008ae00000|100%| O|  |TAMS 0x000000008ad00000| PB 0x000000008ad00000| Untracked |  0
|  22|0x000000008ae00000, 0x000000008af00000, 0x000000008af00000|100%| O|  |TAMS 0x000000008ae00000| PB 0x000000008ae00000| Untracked |  0
|  23|0x000000008af00000, 0x000000008b000000, 0x000000008b000000|100%| O|  |TAMS 0x000000008af00000| PB 0x000000008af00000| Untracked |  0
|  24|0x000000008b000000, 0x000000008b100000, 0x000000008b100000|100%| O|  |TAMS 0x000000008b000000| PB 0x000000008b000000| Untracked |  0
|  25|0x000000008b100000, 0x000000008b200000, 0x000000008b200000|100%|HS|  |TAMS 0x000000008b100000| PB 0x000000008b100000| Complete |  0
|  26|0x000000008b200000, 0x000000008b300000, 0x000000008b300000|100%|HC|  |TAMS 0x000000008b200000| PB 0x000000008b200000| Complete |  0
|  27|0x000000008b300000, 0x000000008b400000, 0x000000008b400000|100%|HC|  |TAMS 0x000000008b300000| PB 0x000000008b300000| Complete |  0
|  28|0x000000008b400000, 0x000000008b500000, 0x000000008b500000|100%|HC|  |TAMS 0x000000008b400000| PB 0x000000008b400000| Complete |  0
|  29|0x000000008b500000, 0x000000008b600000, 0x000000008b600000|100%|HC|  |TAMS 0x000000008b500000| PB 0x000000008b500000| Complete |  0
|  30|0x000000008b600000, 0x000000008b700000, 0x000000008b700000|100%|HC|  |TAMS 0x000000008b600000| PB 0x000000008b600000| Complete |  0
|  31|0x000000008b700000, 0x000000008b800000, 0x000000008b800000|100%| O|  |TAMS 0x000000008b700000| PB 0x000000008b700000| Untracked |  0
|  32|0x000000008b800000, 0x000000008b900000, 0x000000008b900000|100%| O|  |TAMS 0x000000008b800000| PB 0x000000008b800000| Untracked |  0
|  33|0x000000008b900000, 0x000000008ba00000, 0x000000008ba00000|100%| O|  |TAMS 0x000000008b900000| PB 0x000000008b900000| Untracked |  0
|  34|0x000000008ba00000, 0x000000008bb00000, 0x000000008bb00000|100%| O|  |TAMS 0x000000008ba00000| PB 0x000000008ba00000| Untracked |  0
|  35|0x000000008bb00000, 0x000000008bc00000, 0x000000008bc00000|100%| O|  |TAMS 0x000000008bb00000| PB 0x000000008bb00000| Untracked |  0
|  36|0x000000008bc00000, 0x000000008bd00000, 0x000000008bd00000|100%| O|  |TAMS 0x000000008bc00000| PB 0x000000008bc00000| Untracked |  0
|  37|0x000000008bd00000, 0x000000008be00000, 0x000000008be00000|100%| O|  |TAMS 0x000000008bd00000| PB 0x000000008bd00000| Untracked |  0
|  38|0x000000008be00000, 0x000000008bf00000, 0x000000008bf00000|100%| O|  |TAMS 0x000000008be00000| PB 0x000000008be00000| Untracked |  0
|  39|0x000000008bf00000, 0x000000008c000000, 0x000000008c000000|100%| O|  |TAMS 0x000000008bf00000| PB 0x000000008bf00000| Untracked |  0
|  40|0x000000008c000000, 0x000000008c100000, 0x000000008c100000|100%| O|  |TAMS 0x000000008c000000| PB 0x000000008c000000| Untracked |  0
|  41|0x000000008c100000, 0x000000008c200000, 0x000000008c200000|100%| O|  |TAMS 0x000000008c100000| PB 0x000000008c100000| Untracked |  0
|  42|0x000000008c200000, 0x000000008c300000, 0x000000008c300000|100%| O|  |TAMS 0x000000008c200000| PB 0x000000008c200000| Untracked |  0
|  43|0x000000008c300000, 0x000000008c400000, 0x000000008c400000|100%| O|  |TAMS 0x000000008c300000| PB 0x000000008c300000| Untracked |  0
|  44|0x000000008c400000, 0x000000008c500000, 0x000000008c500000|100%| O|  |TAMS 0x000000008c400000| PB 0x000000008c400000| Untracked |  0
|  45|0x000000008c500000, 0x000000008c600000, 0x000000008c600000|100%| O|  |TAMS 0x000000008c500000| PB 0x000000008c500000| Untracked |  0
|  46|0x000000008c600000, 0x000000008c700000, 0x000000008c700000|100%| O|  |TAMS 0x000000008c600000| PB 0x000000008c600000| Untracked |  0
|  47|0x000000008c700000, 0x000000008c800000, 0x000000008c800000|100%| O|  |TAMS 0x000000008c700000| PB 0x000000008c700000| Untracked |  0
|  48|0x000000008c800000, 0x000000008c900000, 0x000000008c900000|100%| O|  |TAMS 0x000000008c800000| PB 0x000000008c800000| Untracked |  0
|  49|0x000000008c900000, 0x000000008ca00000, 0x000000008ca00000|100%| O|  |TAMS 0x000000008c900000| PB 0x000000008c900000| Untracked |  0
|  50|0x000000008ca00000, 0x000000008cb00000, 0x000000008cb00000|100%| O|  |TAMS 0x000000008ca00000| PB 0x000000008ca00000| Untracked |  0
|  51|0x000000008cb00000, 0x000000008cc00000, 0x000000008cc00000|100%| O|  |TAMS 0x000000008cb00000| PB 0x000000008cb00000| Untracked |  0
|  52|0x000000008cc00000, 0x000000008cd00000, 0x000000008cd00000|100%| O|  |TAMS 0x000000008cc00000| PB 0x000000008cc00000| Untracked |  0
|  53|0x000000008cd00000, 0x000000008ce00000, 0x000000008ce00000|100%| O|  |TAMS 0x000000008cd00000| PB 0x000000008cd00000| Untracked |  0
|  54|0x000000008ce00000, 0x000000008cf00000, 0x000000008cf00000|100%| O|  |TAMS 0x000000008ce00000| PB 0x000000008ce00000| Untracked |  0
|  55|0x000000008cf00000, 0x000000008d000000, 0x000000008d000000|100%| O|  |TAMS 0x000000008cf00000| PB 0x000000008cf00000| Untracked |  0
|  56|0x000000008d000000, 0x000000008d100000, 0x000000008d100000|100%| O|  |TAMS 0x000000008d000000| PB 0x000000008d000000| Untracked |  0
|  57|0x000000008d100000, 0x000000008d200000, 0x000000008d200000|100%| O|  |TAMS 0x000000008d100000| PB 0x000000008d100000| Untracked |  0
|  58|0x000000008d200000, 0x000000008d300000, 0x000000008d300000|100%| O|  |TAMS 0x000000008d200000| PB 0x000000008d200000| Untracked |  0
|  59|0x000000008d300000, 0x000000008d400000, 0x000000008d400000|100%| O|  |TAMS 0x000000008d300000| PB 0x000000008d300000| Untracked |  0
|  60|0x000000008d400000, 0x000000008d500000, 0x000000008d500000|100%| O|  |TAMS 0x000000008d400000| PB 0x000000008d400000| Untracked |  0
|  61|0x000000008d500000, 0x000000008d600000, 0x000000008d600000|100%| O|  |TAMS 0x000000008d500000| PB 0x000000008d500000| Untracked |  0
|  62|0x000000008d600000, 0x000000008d700000, 0x000000008d700000|100%| O|  |TAMS 0x000000008d600000| PB 0x000000008d600000| Untracked |  0
|  63|0x000000008d700000, 0x000000008d800000, 0x000000008d800000|100%| O|  |TAMS 0x000000008d700000| PB 0x000000008d700000| Untracked |  0
|  64|0x000000008d800000, 0x000000008d900000, 0x000000008d900000|100%| O|Cm|TAMS 0x000000008d800000| PB 0x000000008d800000| Complete |  0
|  65|0x000000008d900000, 0x000000008da00000, 0x000000008da00000|100%|HS|  |TAMS 0x000000008d900000| PB 0x000000008d900000| Complete |  0
|  66|0x000000008da00000, 0x000000008db00000, 0x000000008db00000|100%|HC|  |TAMS 0x000000008da00000| PB 0x000000008da00000| Complete |  0
|  67|0x000000008db00000, 0x000000008dc00000, 0x000000008dc00000|100%| O|  |TAMS 0x000000008db00000| PB 0x000000008db00000| Untracked |  0
|  68|0x000000008dc00000, 0x000000008dd00000, 0x000000008dd00000|100%| O|  |TAMS 0x000000008dc00000| PB 0x000000008dc00000| Untracked |  0
|  69|0x000000008dd00000, 0x000000008de00000, 0x000000008de00000|100%| O|  |TAMS 0x000000008dd00000| PB 0x000000008dd00000| Untracked |  0
|  70|0x000000008de00000, 0x000000008df00000, 0x000000008df00000|100%| O|  |TAMS 0x000000008de00000| PB 0x000000008de00000| Untracked |  0
|  71|0x000000008df00000, 0x000000008e000000, 0x000000008e000000|100%| O|  |TAMS 0x000000008df00000| PB 0x000000008df00000| Untracked |  0
|  72|0x000000008e000000, 0x000000008e100000, 0x000000008e100000|100%| O|  |TAMS 0x000000008e000000| PB 0x000000008e000000| Untracked |  0
|  73|0x000000008e100000, 0x000000008e200000, 0x000000008e200000|100%| O|  |TAMS 0x000000008e100000| PB 0x000000008e100000| Untracked |  0
|  74|0x000000008e200000, 0x000000008e300000, 0x000000008e300000|100%| O|  |TAMS 0x000000008e200000| PB 0x000000008e200000| Untracked |  0
|  75|0x000000008e300000, 0x000000008e3b6190, 0x000000008e400000| 71%| O|  |TAMS 0x000000008e300000| PB 0x000000008e300000| Untracked |  0
|  76|0x000000008e400000, 0x000000008e400000, 0x000000008e500000|  0%| F|  |TAMS 0x000000008e400000| PB 0x000000008e400000| Untracked |  0
|  77|0x000000008e500000, 0x000000008e500000, 0x000000008e600000|  0%| F|  |TAMS 0x000000008e500000| PB 0x000000008e500000| Untracked |  0
|  78|0x000000008e600000, 0x000000008e600000, 0x000000008e700000|  0%| F|  |TAMS 0x000000008e600000| PB 0x000000008e600000| Untracked |  0
|  79|0x000000008e700000, 0x000000008e700000, 0x000000008e800000|  0%| F|  |TAMS 0x000000008e700000| PB 0x000000008e700000| Untracked |  0
|  80|0x000000008e800000, 0x000000008e800000, 0x000000008e900000|  0%| F|  |TAMS 0x000000008e800000| PB 0x000000008e800000| Untracked |  0
|  81|0x000000008e900000, 0x000000008e900000, 0x000000008ea00000|  0%| F|  |TAMS 0x000000008e900000| PB 0x000000008e900000| Untracked |  0
|  82|0x000000008ea00000, 0x000000008ea00000, 0x000000008eb00000|  0%| F|  |TAMS 0x000000008ea00000| PB 0x000000008ea00000| Untracked |  0
|  83|0x000000008eb00000, 0x000000008eb00000, 0x000000008ec00000|  0%| F|  |TAMS 0x000000008eb00000| PB 0x000000008eb00000| Untracked |  0
|  84|0x000000008ec00000, 0x000000008ecb95e0, 0x000000008ed00000| 72%| S|CS|TAMS 0x000000008ec00000| PB 0x000000008ec00000| Complete |  0
|  85|0x000000008ed00000, 0x000000008ee00000, 0x000000008ee00000|100%| S|CS|TAMS 0x000000008ed00000| PB 0x000000008ed00000| Complete |  0
|  86|0x000000008ee00000, 0x000000008ef00000, 0x000000008ef00000|100%| S|CS|TAMS 0x000000008ee00000| PB 0x000000008ee00000| Complete |  0
|  87|0x000000008ef00000, 0x000000008f000000, 0x000000008f000000|100%| S|CS|TAMS 0x000000008ef00000| PB 0x000000008ef00000| Complete |  0
|  88|0x000000008f000000, 0x000000008f000000, 0x000000008f100000|  0%| F|  |TAMS 0x000000008f000000| PB 0x000000008f000000| Untracked |  0
|  89|0x000000008f100000, 0x000000008f100000, 0x000000008f200000|  0%| F|  |TAMS 0x000000008f100000| PB 0x000000008f100000| Untracked |  0
|  90|0x000000008f200000, 0x000000008f200000, 0x000000008f300000|  0%| F|  |TAMS 0x000000008f200000| PB 0x000000008f200000| Untracked |  0
|  91|0x000000008f300000, 0x000000008f300000, 0x000000008f400000|  0%| F|  |TAMS 0x000000008f300000| PB 0x000000008f300000| Untracked |  0
|  92|0x000000008f400000, 0x000000008f400000, 0x000000008f500000|  0%| F|  |TAMS 0x000000008f400000| PB 0x000000008f400000| Untracked |  0
|  93|0x000000008f500000, 0x000000008f500000, 0x000000008f600000|  0%| F|  |TAMS 0x000000008f500000| PB 0x000000008f500000| Untracked |  0
|  94|0x000000008f600000, 0x000000008f600000, 0x000000008f700000|  0%| F|  |TAMS 0x000000008f600000| PB 0x000000008f600000| Untracked |  0
|  95|0x000000008f700000, 0x000000008f700000, 0x000000008f800000|  0%| F|  |TAMS 0x000000008f700000| PB 0x000000008f700000| Untracked |  0
|  96|0x000000008f800000, 0x000000008f800000, 0x000000008f900000|  0%| F|  |TAMS 0x000000008f800000| PB 0x000000008f800000| Untracked |  0
|  97|0x000000008f900000, 0x000000008f900000, 0x000000008fa00000|  0%| F|  |TAMS 0x000000008f900000| PB 0x000000008f900000| Untracked |  0
|  98|0x000000008fa00000, 0x000000008fa00000, 0x000000008fb00000|  0%| F|  |TAMS 0x000000008fa00000| PB 0x000000008fa00000| Untracked |  0
|  99|0x000000008fb00000, 0x000000008fb00000, 0x000000008fc00000|  0%| F|  |TAMS 0x000000008fb00000| PB 0x000000008fb00000| Untracked |  0
| 100|0x000000008fc00000, 0x000000008fc00000, 0x000000008fd00000|  0%| F|  |TAMS 0x000000008fc00000| PB 0x000000008fc00000| Untracked |  0
| 101|0x000000008fd00000, 0x000000008fd00000, 0x000000008fe00000|  0%| F|  |TAMS 0x000000008fd00000| PB 0x000000008fd00000| Untracked |  0
| 102|0x000000008fe00000, 0x000000008fe00000, 0x000000008ff00000|  0%| F|  |TAMS 0x000000008fe00000| PB 0x000000008fe00000| Untracked |  0
| 103|0x000000008ff00000, 0x000000008ff00000, 0x0000000090000000|  0%| F|  |TAMS 0x000000008ff00000| PB 0x000000008ff00000| Untracked |  0
| 104|0x0000000090000000, 0x0000000090000000, 0x0000000090100000|  0%| F|  |TAMS 0x0000000090000000| PB 0x0000000090000000| Untracked |  0
| 105|0x0000000090100000, 0x0000000090100000, 0x0000000090200000|  0%| F|  |TAMS 0x0000000090100000| PB 0x0000000090100000| Untracked |  0
| 106|0x0000000090200000, 0x0000000090200000, 0x0000000090300000|  0%| F|  |TAMS 0x0000000090200000| PB 0x0000000090200000| Untracked |  0
| 107|0x0000000090300000, 0x0000000090300000, 0x0000000090400000|  0%| F|  |TAMS 0x0000000090300000| PB 0x0000000090300000| Untracked |  0
| 108|0x0000000090400000, 0x0000000090400000, 0x0000000090500000|  0%| F|  |TAMS 0x0000000090400000| PB 0x0000000090400000| Untracked |  0
| 109|0x0000000090500000, 0x0000000090500000, 0x0000000090600000|  0%| F|  |TAMS 0x0000000090500000| PB 0x0000000090500000| Untracked |  0
| 110|0x0000000090600000, 0x0000000090600000, 0x0000000090700000|  0%| F|  |TAMS 0x0000000090600000| PB 0x0000000090600000| Untracked |  0
| 111|0x0000000090700000, 0x0000000090700000, 0x0000000090800000|  0%| F|  |TAMS 0x0000000090700000| PB 0x0000000090700000| Untracked |  0
| 112|0x0000000090800000, 0x0000000090800000, 0x0000000090900000|  0%| F|  |TAMS 0x0000000090800000| PB 0x0000000090800000| Untracked |  0
| 113|0x0000000090900000, 0x0000000090900000, 0x0000000090a00000|  0%| F|  |TAMS 0x0000000090900000| PB 0x0000000090900000| Untracked |  0
| 114|0x0000000090a00000, 0x0000000090a00000, 0x0000000090b00000|  0%| F|  |TAMS 0x0000000090a00000| PB 0x0000000090a00000| Untracked |  0
| 115|0x0000000090b00000, 0x0000000090b00000, 0x0000000090c00000|  0%| F|  |TAMS 0x0000000090b00000| PB 0x0000000090b00000| Untracked |  0
| 116|0x0000000090c00000, 0x0000000090c80000, 0x0000000090d00000| 50%| E|  |TAMS 0x0000000090c00000| PB 0x0000000090c00000| Complete |  0
| 117|0x0000000090d00000, 0x0000000090e00000, 0x0000000090e00000|100%| E|CS|TAMS 0x0000000090d00000| PB 0x0000000090d00000| Complete |  0
| 118|0x0000000090e00000, 0x0000000090f00000, 0x0000000090f00000|100%| E|CS|TAMS 0x0000000090e00000| PB 0x0000000090e00000| Complete |  0
| 119|0x0000000090f00000, 0x0000000091000000, 0x0000000091000000|100%| E|CS|TAMS 0x0000000090f00000| PB 0x0000000090f00000| Complete |  0
| 120|0x0000000091000000, 0x0000000091100000, 0x0000000091100000|100%| E|CS|TAMS 0x0000000091000000| PB 0x0000000091000000| Complete |  0
| 121|0x0000000091100000, 0x0000000091200000, 0x0000000091200000|100%| E|CS|TAMS 0x0000000091100000| PB 0x0000000091100000| Complete |  0
| 122|0x0000000091200000, 0x0000000091300000, 0x0000000091300000|100%| E|CS|TAMS 0x0000000091200000| PB 0x0000000091200000| Complete |  0
| 123|0x0000000091300000, 0x0000000091400000, 0x0000000091400000|100%| E|CS|TAMS 0x0000000091300000| PB 0x0000000091300000| Complete |  0
| 124|0x0000000091400000, 0x0000000091500000, 0x0000000091500000|100%| E|CS|TAMS 0x0000000091400000| PB 0x0000000091400000| Complete |  0
| 125|0x0000000091500000, 0x0000000091600000, 0x0000000091600000|100%| E|CS|TAMS 0x0000000091500000| PB 0x0000000091500000| Complete |  0
| 126|0x0000000091600000, 0x0000000091700000, 0x0000000091700000|100%| E|CS|TAMS 0x0000000091600000| PB 0x0000000091600000| Complete |  0
| 127|0x0000000091700000, 0x0000000091800000, 0x0000000091800000|100%| E|CS|TAMS 0x0000000091700000| PB 0x0000000091700000| Complete |  0
| 128|0x0000000091800000, 0x0000000091900000, 0x0000000091900000|100%| E|CS|TAMS 0x0000000091800000| PB 0x0000000091800000| Complete |  0
| 129|0x0000000091900000, 0x0000000091a00000, 0x0000000091a00000|100%| E|CS|TAMS 0x0000000091900000| PB 0x0000000091900000| Complete |  0
| 130|0x0000000091a00000, 0x0000000091b00000, 0x0000000091b00000|100%| E|CS|TAMS 0x0000000091a00000| PB 0x0000000091a00000| Complete |  0
| 131|0x0000000091b00000, 0x0000000091c00000, 0x0000000091c00000|100%| E|CS|TAMS 0x0000000091b00000| PB 0x0000000091b00000| Complete |  0
| 132|0x0000000091c00000, 0x0000000091d00000, 0x0000000091d00000|100%| E|CS|TAMS 0x0000000091c00000| PB 0x0000000091c00000| Complete |  0
| 133|0x0000000091d00000, 0x0000000091e00000, 0x0000000091e00000|100%| E|CS|TAMS 0x0000000091d00000| PB 0x0000000091d00000| Complete |  0
| 134|0x0000000091e00000, 0x0000000091f00000, 0x0000000091f00000|100%| E|CS|TAMS 0x0000000091e00000| PB 0x0000000091e00000| Complete |  0
|1891|0x00000000ffb00000, 0x00000000ffc00000, 0x00000000ffc00000|100%| O|  |TAMS 0x00000000ffb00000| PB 0x00000000ffb00000| Untracked |  0
|1892|0x00000000ffc00000, 0x00000000ffd00000, 0x00000000ffd00000|100%| O|  |TAMS 0x00000000ffc00000| PB 0x00000000ffc00000| Untracked |  0
|1893|0x00000000ffd00000, 0x00000000ffe00000, 0x00000000ffe00000|100%| O|  |TAMS 0x00000000ffd00000| PB 0x00000000ffd00000| Untracked |  0
|1894|0x00000000ffe00000, 0x00000000fff00000, 0x00000000fff00000|100%| O|  |TAMS 0x00000000ffe00000| PB 0x00000000ffe00000| Untracked |  0
|1895|0x00000000fff00000, 0x0000000100000000, 0x0000000100000000|100%| E|CS|TAMS 0x00000000fff00000| PB 0x00000000fff00000| Complete |  0

Card table byte_map: [0x000002952c090000,0x000002952c450000] _byte_map_base: 0x000002952bc44000

Marking Bits: (CMBitMap*) 0x0000029514152f90
 Bits: [0x000002952c450000, 0x000002952e1f0000)

Polling page: 0x0000029511f60000

Metaspace:

Usage:
  Non-class:     49.61 MB used.
      Class:      5.43 MB used.
       Both:     55.05 MB used.

Virtual space:
  Non-class space:       64.00 MB reserved,      50.06 MB ( 78%) committed,  1 nodes.
      Class space:        1.00 GB reserved,       5.88 MB ( <1%) committed,  1 nodes.
             Both:        1.06 GB reserved,      55.94 MB (  5%) committed. 

Chunk freelists:
   Non-Class:  13.85 MB
       Class:  9.97 MB
        Both:  23.81 MB

MaxMetaspaceSize: unlimited
CompressedClassSpaceSize: 1.00 GB
Initial GC threshold: 21.00 MB
Current GC threshold: 92.81 MB
CDS: on
 - commit_granule_bytes: 65536.
 - commit_granule_words: 8192.
 - virtual_space_node_default_size: 8388608.
 - enlarge_chunks_in_place: 1.
UseCompressedClassPointers 1, UseCompactObjectHeaders 0
Narrow klass pointer bits 32, Max shift 3
Narrow klass base: 0x0000029531000000, Narrow klass shift: 0
Encoding Range: [0x0000029531000000 - 0x0000029631000000), (4294967296 bytes)
Klass Range:    [0x0000029531000000 - 0x0000029572000000), (1090519040 bytes)
Klass ID Range:  [8 - 1090519033) (1090519025)


Internal statistics:

num_allocs_failed_limit: 9.
num_arena_births: 1356.
num_arena_deaths: 0.
num_vsnodes_births: 2.
num_vsnodes_deaths: 0.
num_space_committed: 894.
num_space_uncommitted: 0.
num_chunks_returned_to_freelist: 9.
num_chunks_taken_from_freelist: 3571.
num_chunk_merges: 9.
num_chunk_splits: 2619.
num_chunks_enlarged: 1952.
num_inconsistent_stats: 0.

CodeHeap 'non-profiled nmethods': size=120064Kb used=5514Kb max_used=5679Kb free=114549Kb
 bounds [0x0000029524460000, 0x0000029524a00000, 0x000002952b9a0000]
CodeHeap 'profiled nmethods': size=120000Kb used=25862Kb max_used=27922Kb free=94137Kb
 bounds [0x000002951c9a0000, 0x000002951e4f0000, 0x0000029523ed0000]
CodeHeap 'non-nmethods': size=5696Kb used=1511Kb max_used=1667Kb free=4184Kb
 bounds [0x0000029523ed0000, 0x0000029524140000, 0x0000029524460000]
CodeCache: size=245760Kb, used=32887Kb, max_used=35268Kb, free=212870Kb
 total_blobs=11217, nmethods=10556, adapters=564, full_count=0
Compilation: enabled, stopped_count=0, restarted_count=0

Compilation events (20 events):
Event: 16.855 Thread 0x0000029530c554c0 nmethod 12113 0x000002951d1f2588 code [0x000002951d1f28c0, 0x000002951d1f43d0]
Event: 16.855 Thread 0x0000029530c554c0 12114       3       java.util.ArrayList$SubList::get (27 bytes)
Event: 16.855 Thread 0x0000029530c554c0 nmethod 12114 0x000002951ca4db88 code [0x000002951ca4dce0, 0x000002951ca4e120]
Event: 16.859 Thread 0x0000029530c554c0 12115       3       org.jetbrains.kotlin.resolve.calls.checkers.CallCheckerContext::getDataFlowValueFactory (14 bytes)
Event: 16.860 Thread 0x0000029530c554c0 nmethod 12115 0x000002951cb03208 code [0x000002951cb03320, 0x000002951cb03478]
Event: 16.861 Thread 0x0000029530c554c0 12116       3       org.jetbrains.kotlin.resolve.constants.evaluate.ConstantExpressionEvaluatorKt::getReceiverExpressionType (90 bytes)
Event: 16.862 Thread 0x0000029530c554c0 nmethod 12116 0x000002951d07e388 code [0x000002951d07e600, 0x000002951d07f630]
Event: 16.864 Thread 0x0000029530c554c0 12117       3       java.lang.ThreadLocal::setInitialValue (79 bytes)
Event: 16.864 Thread 0x0000029530c554c0 nmethod 12117 0x000002951ca6f588 code [0x000002951ca6f720, 0x000002951ca70150]
Event: 16.900 Thread 0x0000029530c554c0 12118       3       org.jetbrains.kotlin.resolve.calls.inference.model.MutableVariableWithConstraints::clearGroupedConstraintCaches (11 bytes)
Event: 16.900 Thread 0x0000029530c554c0 nmethod 12118 0x000002951cb6ef88 code [0x000002951cb6f0a0, 0x000002951cb6f1f8]
Event: 16.933 Thread 0x00000295774738c0 nmethod 12057 0x00000295246e5788 code [0x00000295246e6120, 0x00000295246edcf8]
Event: 16.934 Thread 0x00000295774738c0 12099       4       org.jetbrains.kotlin.descriptors.impl.AbstractReceiverParameterDescriptor::getType (19 bytes)
Event: 16.935 Thread 0x00000295774738c0 nmethod 12099 0x000002952464e488 code [0x000002952464e5a0, 0x000002952464e6d8]
Event: 16.935 Thread 0x00000295774738c0 12066       4       kotlin.text.StringsKt__StringsKt::lastIndexOf (49 bytes)
Event: 16.937 Thread 0x00000295774738c0 nmethod 12066 0x00000295246f8d08 code [0x00000295246f8e40, 0x00000295246f9188]
Event: 16.937 Thread 0x00000295774738c0 12063       4       org.jetbrains.kotlin.resolve.calls.tower.PSICallResolver$ASTScopeTower::getImplicitReceiver (94 bytes)
Event: 16.940 Thread 0x00000295774738c0 nmethod 12063 0x0000029524742808 code [0x0000029524742980, 0x0000029524742c78]
Event: 16.940 Thread 0x00000295774738c0 12060       4       javaslang.collection.HashArrayMappedTrieModule$EmptyNode::lookup (4 bytes)
Event: 16.940 Thread 0x00000295774738c0 nmethod 12060 0x000002952464e188 code [0x000002952464e280, 0x000002952464e300]

GC Heap History (20 events):
Event: 4.956 GC heap before
{Heap before GC invocations=5 (full 0):
 garbage-first heap   total reserved 1941504K, committed 107520K, used 78964K [0x0000000089800000, 0x0000000100000000)
  region size 1024K, 41 young (41984K), 8 survivors (8192K)
 Metaspace       used 35318K, committed 36096K, reserved 1114112K
  class space    used 3686K, committed 4032K, reserved 1048576K
}
Event: 4.967 GC heap after
{Heap after GC invocations=6 (full 0):
 garbage-first heap   total reserved 1941504K, committed 107520K, used 46708K [0x0000000089800000, 0x0000000100000000)
  region size 1024K, 2 young (2048K), 2 survivors (2048K)
 Metaspace       used 35318K, committed 36096K, reserved 1114112K
  class space    used 3686K, committed 4032K, reserved 1048576K
}
Event: 4.999 GC heap before
{Heap before GC invocations=6 (full 0):
 garbage-first heap   total reserved 1941504K, committed 107520K, used 46708K [0x0000000089800000, 0x0000000100000000)
  region size 1024K, 3 young (3072K), 2 survivors (2048K)
 Metaspace       used 35620K, committed 36416K, reserved 1114112K
  class space    used 3721K, committed 4096K, reserved 1048576K
}
Event: 5.004 GC heap after
{Heap after GC invocations=7 (full 0):
 garbage-first heap   total reserved 1941504K, committed 107520K, used 46500K [0x0000000089800000, 0x0000000100000000)
  region size 1024K, 2 young (2048K), 2 survivors (2048K)
 Metaspace       used 35620K, committed 36416K, reserved 1114112K
  class space    used 3721K, committed 4096K, reserved 1048576K
}
Event: 5.741 GC heap before
{Heap before GC invocations=8 (full 0):
 garbage-first heap   total reserved 1941504K, committed 107520K, used 86436K [0x0000000089800000, 0x0000000100000000)
  region size 1024K, 40 young (40960K), 2 survivors (2048K)
 Metaspace       used 40429K, committed 41280K, reserved 1114112K
  class space    used 4211K, committed 4608K, reserved 1048576K
}
Event: 5.750 GC heap after
{Heap after GC invocations=9 (full 0):
 garbage-first heap   total reserved 1941504K, committed 107520K, used 50245K [0x0000000089800000, 0x0000000100000000)
  region size 1024K, 5 young (5120K), 5 survivors (5120K)
 Metaspace       used 40429K, committed 41280K, reserved 1114112K
  class space    used 4211K, committed 4608K, reserved 1048576K
}
Event: 6.378 GC heap before
{Heap before GC invocations=9 (full 0):
 garbage-first heap   total reserved 1941504K, committed 107520K, used 88133K [0x0000000089800000, 0x0000000100000000)
  region size 1024K, 42 young (43008K), 5 survivors (5120K)
 Metaspace       used 44712K, committed 45504K, reserved 1114112K
  class space    used 4641K, committed 4992K, reserved 1048576K
}
Event: 6.392 GC heap after
{Heap after GC invocations=10 (full 0):
 garbage-first heap   total reserved 1941504K, committed 129024K, used 53688K [0x0000000089800000, 0x0000000100000000)
  region size 1024K, 4 young (4096K), 4 survivors (4096K)
 Metaspace       used 44712K, committed 45504K, reserved 1114112K
  class space    used 4641K, committed 4992K, reserved 1048576K
}
Event: 8.395 GC heap before
{Heap before GC invocations=10 (full 0):
 garbage-first heap   total reserved 1941504K, committed 129024K, used 104888K [0x0000000089800000, 0x0000000100000000)
  region size 1024K, 54 young (55296K), 4 survivors (4096K)
 Metaspace       used 50664K, committed 51520K, reserved 1114112K
  class space    used 5213K, committed 5632K, reserved 1048576K
}
Event: 8.412 GC heap after
{Heap after GC invocations=11 (full 0):
 garbage-first heap   total reserved 1941504K, committed 129024K, used 61548K [0x0000000089800000, 0x0000000100000000)
  region size 1024K, 7 young (7168K), 7 survivors (7168K)
 Metaspace       used 50664K, committed 51520K, reserved 1114112K
  class space    used 5213K, committed 5632K, reserved 1048576K
}
Event: 10.429 GC heap before
{Heap before GC invocations=11 (full 0):
 garbage-first heap   total reserved 1941504K, committed 129024K, used 107628K [0x0000000089800000, 0x0000000100000000)
  region size 1024K, 52 young (53248K), 7 survivors (7168K)
 Metaspace       used 53754K, committed 54656K, reserved 1114112K
  class space    used 5459K, committed 5888K, reserved 1048576K
}
Event: 10.457 GC heap after
{Heap after GC invocations=12 (full 0):
 garbage-first heap   total reserved 1941504K, committed 129024K, used 67762K [0x0000000089800000, 0x0000000100000000)
  region size 1024K, 6 young (6144K), 6 survivors (6144K)
 Metaspace       used 53754K, committed 54656K, reserved 1114112K
  class space    used 5459K, committed 5888K, reserved 1048576K
}
Event: 11.266 GC heap before
{Heap before GC invocations=12 (full 0):
 garbage-first heap   total reserved 1941504K, committed 129024K, used 84146K [0x0000000089800000, 0x0000000100000000)
  region size 1024K, 23 young (23552K), 6 survivors (6144K)
 Metaspace       used 54434K, committed 55360K, reserved 1114112K
  class space    used 5471K, committed 5888K, reserved 1048576K
}
Event: 11.278 GC heap after
{Heap after GC invocations=13 (full 0):
 garbage-first heap   total reserved 1941504K, committed 129024K, used 70211K [0x0000000089800000, 0x0000000100000000)
  region size 1024K, 3 young (3072K), 3 survivors (3072K)
 Metaspace       used 54434K, committed 55360K, reserved 1114112K
  class space    used 5471K, committed 5888K, reserved 1048576K
}
Event: 12.555 GC heap before
{Heap before GC invocations=14 (full 0):
 garbage-first heap   total reserved 1941504K, committed 129024K, used 112195K [0x0000000089800000, 0x0000000100000000)
  region size 1024K, 43 young (44032K), 3 survivors (3072K)
 Metaspace       used 55087K, committed 56000K, reserved 1114112K
  class space    used 5489K, committed 5952K, reserved 1048576K
}
Event: 12.567 GC heap after
{Heap after GC invocations=15 (full 0):
 garbage-first heap   total reserved 1941504K, committed 129024K, used 75264K [0x0000000089800000, 0x0000000100000000)
  region size 1024K, 6 young (6144K), 6 survivors (6144K)
 Metaspace       used 55087K, committed 56000K, reserved 1114112K
  class space    used 5489K, committed 5952K, reserved 1048576K
}
Event: 14.579 GC heap before
{Heap before GC invocations=15 (full 0):
 garbage-first heap   total reserved 1941504K, committed 129024K, used 116224K [0x0000000089800000, 0x0000000100000000)
  region size 1024K, 44 young (45056K), 6 survivors (6144K)
 Metaspace       used 55646K, committed 56576K, reserved 1114112K
  class space    used 5507K, committed 5952K, reserved 1048576K
}
Event: 14.596 GC heap after
{Heap after GC invocations=16 (full 0):
 garbage-first heap   total reserved 1941504K, committed 129024K, used 81676K [0x0000000089800000, 0x0000000100000000)
  region size 1024K, 5 young (5120K), 5 survivors (5120K)
 Metaspace       used 55646K, committed 56576K, reserved 1114112K
  class space    used 5507K, committed 5952K, reserved 1048576K
}
Event: 15.893 GC heap before
{Heap before GC invocations=16 (full 0):
 garbage-first heap   total reserved 1941504K, committed 129024K, used 116492K [0x0000000089800000, 0x0000000100000000)
  region size 1024K, 39 young (39936K), 5 survivors (5120K)
 Metaspace       used 56083K, committed 57024K, reserved 1114112K
  class space    used 5544K, committed 6016K, reserved 1048576K
}
Event: 15.907 GC heap after
{Heap after GC invocations=17 (full 0):
 garbage-first heap   total reserved 1941504K, committed 129024K, used 85437K [0x0000000089800000, 0x0000000100000000)
  region size 1024K, 4 young (4096K), 4 survivors (4096K)
 Metaspace       used 56083K, committed 57024K, reserved 1114112K
  class space    used 5544K, committed 6016K, reserved 1048576K
}

Dll operation events (7 events):
Event: 0.008 Loaded shared library C:\Program Files\Java\jdk-24\bin\java.dll
Event: 0.041 Loaded shared library C:\Program Files\Java\jdk-24\bin\jsvml.dll
Event: 0.057 Loaded shared library C:\Program Files\Java\jdk-24\bin\net.dll
Event: 0.059 Loaded shared library C:\Program Files\Java\jdk-24\bin\nio.dll
Event: 0.095 Loaded shared library C:\Program Files\Java\jdk-24\bin\zip.dll
Event: 0.137 Loaded shared library C:\Program Files\Java\jdk-24\bin\jimage.dll
Event: 2.580 Loaded shared library C:\Program Files\Java\jdk-24\bin\verify.dll

Deoptimization events (20 events):
Event: 16.486 Thread 0x0000029511de12e0 Uncommon trap: trap_request=0xffffff4d fr.pc=0x00000295247dce20 relative=0x0000000000000260
Event: 16.486 Thread 0x0000029511de12e0 Uncommon trap: reason=unstable_if action=reinterpret pc=0x00000295247dce20 method=org.jetbrains.kotlin.resolve.DescriptorUtils.getFqNameSafeIfPossible(Lorg/jetbrains/kotlin/descriptors/DeclarationDescriptor;)Lorg/jetbrains/kotlin/name/FqName; @ 30 c2
Event: 16.486 Thread 0x0000029511de12e0 DEOPT PACKING pc=0x00000295247dce20 sp=0x000000feb2bfce40
Event: 16.486 Thread 0x0000029511de12e0 DEOPT UNPACKING pc=0x0000029523fe5d02 sp=0x000000feb2bfcd88 mode 2
Event: 16.537 Thread 0x0000029511de12e0 Uncommon trap: trap_request=0xffffff66 fr.pc=0x000002952463a1f4 relative=0x0000000000005e74
Event: 16.537 Thread 0x0000029511de12e0 Uncommon trap: reason=speculate_class_check action=maybe_recompile pc=0x000002952463a1f4 method=org.jetbrains.kotlin.types.TypeWithEnhancementKt.getEnhancementDeeplyInternal(Lorg/jetbrains/kotlin/types/KotlinType;)Lorg/jetbrains/kotlin/types/KotlinType; @
Event: 16.537 Thread 0x0000029511de12e0 DEOPT PACKING pc=0x000002952463a1f4 sp=0x000000feb2bfb410
Event: 16.537 Thread 0x0000029511de12e0 DEOPT UNPACKING pc=0x0000029523fe5d02 sp=0x000000feb2bfb058 mode 2
Event: 16.538 Thread 0x0000029511de12e0 Uncommon trap: trap_request=0xffffff66 fr.pc=0x000002952463a1f4 relative=0x0000000000005e74
Event: 16.538 Thread 0x0000029511de12e0 Uncommon trap: reason=speculate_class_check action=maybe_recompile pc=0x000002952463a1f4 method=org.jetbrains.kotlin.types.TypeWithEnhancementKt.getEnhancementDeeplyInternal(Lorg/jetbrains/kotlin/types/KotlinType;)Lorg/jetbrains/kotlin/types/KotlinType; @
Event: 16.538 Thread 0x0000029511de12e0 DEOPT PACKING pc=0x000002952463a1f4 sp=0x000000feb2bfcab0
Event: 16.538 Thread 0x0000029511de12e0 DEOPT UNPACKING pc=0x0000029523fe5d02 sp=0x000000feb2bfc6f8 mode 2
Event: 16.660 Thread 0x0000029511de12e0 Uncommon trap: trap_request=0xffffff66 fr.pc=0x000002952475bc98 relative=0x0000000000006278
Event: 16.660 Thread 0x0000029511de12e0 Uncommon trap: reason=speculate_class_check action=maybe_recompile pc=0x000002952475bc98 method=org.jetbrains.kotlin.types.TypeWithEnhancementKt.getEnhancementDeeplyInternal(Lorg/jetbrains/kotlin/types/KotlinType;)Lorg/jetbrains/kotlin/types/KotlinType; @
Event: 16.660 Thread 0x0000029511de12e0 DEOPT PACKING pc=0x000002952475bc98 sp=0x000000feb2bf7080
Event: 16.660 Thread 0x0000029511de12e0 DEOPT UNPACKING pc=0x0000029523fe5d02 sp=0x000000feb2bf6dd0 mode 2
Event: 16.683 Thread 0x0000029511de12e0 Uncommon trap: trap_request=0xffffff4d fr.pc=0x00000295248e0c8c relative=0x00000000000001ac
Event: 16.683 Thread 0x0000029511de12e0 Uncommon trap: reason=unstable_if action=reinterpret pc=0x00000295248e0c8c method=org.jetbrains.kotlin.resolve.calls.inference.components.TypeCheckerStateForConstraintSystem.isTypeVariableWithNoInfer(Lorg/jetbrains/kotlin/types/model/KotlinTypeMarker;)Z @
Event: 16.684 Thread 0x0000029511de12e0 DEOPT PACKING pc=0x00000295248e0c8c sp=0x000000feb2bfaba0
Event: 16.684 Thread 0x0000029511de12e0 DEOPT UNPACKING pc=0x0000029523fe5d02 sp=0x000000feb2bfab00 mode 2

Classes loaded (20 events):
Event: 6.445 Loading class java/util/stream/LongStream
Event: 6.446 Loading class java/util/stream/LongStream done
Event: 6.446 Loading class java/util/stream/DoubleStream
Event: 6.446 Loading class java/util/stream/DoubleStream done
Event: 6.528 Loading class java/util/EnumMap$EntrySet
Event: 6.528 Loading class java/util/EnumMap$EntrySet done
Event: 6.529 Loading class java/util/EnumMap$EntryIterator
Event: 6.529 Loading class java/util/EnumMap$EnumMapIterator
Event: 6.529 Loading class java/util/EnumMap$EnumMapIterator done
Event: 6.529 Loading class java/util/EnumMap$EntryIterator done
Event: 6.529 Loading class java/util/EnumMap$EntryIterator$Entry
Event: 6.529 Loading class java/util/EnumMap$EntryIterator$Entry done
Event: 7.118 Loading class java/util/RegularEnumSet$EnumSetIterator
Event: 7.118 Loading class java/util/RegularEnumSet$EnumSetIterator done
Event: 9.009 Loading class java/util/Collections$2
Event: 9.010 Loading class java/util/Collections$2 done
Event: 9.925 Loading class java/util/concurrent/locks/AbstractQueuedSynchronizer$Node
Event: 9.926 Loading class java/util/concurrent/locks/AbstractQueuedSynchronizer$Node done
Event: 12.755 Loading class java/security/CodeSigner
Event: 12.755 Loading class java/security/CodeSigner done

Classes unloaded (0 events):
No events

Classes redefined (0 events):
No events

Internal exceptions (20 events):
Event: 8.394 Thread 0x0000029511de12e0 Implicit null exception at 0x000002952469d900 to 0x000002952469ec84
Event: 8.394 Thread 0x0000029511de12e0 Implicit null exception at 0x000002952469d900 to 0x000002952469ec84
Event: 8.394 Thread 0x0000029511de12e0 Implicit null exception at 0x000002952469d900 to 0x000002952469ec84
Event: 8.394 Thread 0x0000029511de12e0 Implicit null exception at 0x000002952469d900 to 0x000002952469ec84
Event: 8.394 Thread 0x0000029511de12e0 Implicit null exception at 0x000002952469d900 to 0x000002952469ec84
Event: 8.394 Thread 0x0000029511de12e0 Implicit null exception at 0x000002952469d900 to 0x000002952469ec84
Event: 8.394 Thread 0x0000029511de12e0 Implicit null exception at 0x000002952469d900 to 0x000002952469ec84
Event: 8.394 Thread 0x0000029511de12e0 Implicit null exception at 0x000002952469d900 to 0x000002952469ec84
Event: 8.394 Thread 0x0000029511de12e0 Implicit null exception at 0x000002952469d900 to 0x000002952469ec84
Event: 8.394 Thread 0x0000029511de12e0 Implicit null exception at 0x0000029524681626 to 0x0000029524682874
Event: 8.616 Thread 0x0000029511de12e0 Exception <a 'java/lang/NoSuchMethodError'{0x0000000090e594f8}: 'java.lang.Object java.lang.invoke.DirectMethodHandle$Holder.newInvokeSpecial(java.lang.Object, int, java.lang.Object, java.lang.Object)'> (0x0000000090e594f8) 
thrown [s\open\src\hotspot\share\interpreter\linkResolver.cpp, line 805]
Event: 8.617 Thread 0x0000029511de12e0 Exception <a 'java/lang/NoSuchMethodError'{0x0000000090e623c8}: 'java.lang.Object java.lang.invoke.DirectMethodHandle$Holder.invokeSpecial(java.lang.Object, java.lang.Object, int, java.lang.Object, java.lang.Object)'> (0x0000000090e623c8) 
thrown [s\open\src\hotspot\share\interpreter\linkResolver.cpp, line 805]
Event: 8.986 Thread 0x0000029511de12e0 Exception <a 'java/lang/NoSuchMethodError'{0x0000000090205ba8}: 'java.lang.Object java.lang.invoke.DirectMethodHandle$Holder.invokeInterface(java.lang.Object, java.lang.Object, java.lang.Object)'> (0x0000000090205ba8) 
thrown [s\open\src\hotspot\share\interpreter\linkResolver.cpp, line 805]
Event: 8.987 Thread 0x0000029511de12e0 Exception <a 'java/lang/IncompatibleClassChangeError'{0x000000009020de60}: Found class java.lang.Object, but interface was expected> (0x000000009020de60) 
thrown [s\open\src\hotspot\share\interpreter\linkResolver.cpp, line 872]
Event: 9.380 Thread 0x0000029511de12e0 Exception <a 'java/lang/NoSuchMethodError'{0x000000008fd91d70}: 'java.lang.Object java.lang.invoke.DirectMethodHandle$Holder.invokeStatic(java.lang.Object, java.lang.Object, int, java.lang.Object)'> (0x000000008fd91d70) 
thrown [s\open\src\hotspot\share\interpreter\linkResolver.cpp, line 805]
Event: 9.381 Thread 0x0000029511de12e0 Exception <a 'java/lang/NoSuchMethodError'{0x000000008fda2730}: 'java.lang.Object java.lang.invoke.DirectMethodHandle$Holder.newInvokeSpecial(java.lang.Object, java.lang.Object, int, java.lang.Object)'> (0x000000008fda2730) 
thrown [s\open\src\hotspot\share\interpreter\linkResolver.cpp, line 805]
Event: 9.381 Thread 0x0000029511de12e0 Exception <a 'java/lang/NoSuchMethodError'{0x000000008fdab990}: 'java.lang.Object java.lang.invoke.Invokers$Holder.linkToTargetMethod(java.lang.Object, int, java.lang.Object, java.lang.Object)'> (0x000000008fdab990) 
thrown [s\open\src\hotspot\share\interpreter\linkResolver.cpp, line 805]
Event: 10.371 Thread 0x0000029511de12e0 Implicit null exception at 0x00000295247f8ffa to 0x00000295247f917e
Event: 12.755 Thread 0x0000029511de12e0 Implicit null exception at 0x00000295244c79c0 to 0x00000295244c7eac
Event: 12.856 Thread 0x0000029511de12e0 Implicit null exception at 0x000002952453ff17 to 0x0000029524540a10

VM Operations (20 events):
Event: 12.555 Executing VM operation: G1CollectForAllocation (G1 Evacuation Pause)
Event: 12.567 Executing VM operation: G1CollectForAllocation (G1 Evacuation Pause) done
Event: 14.579 Executing VM operation: G1CollectForAllocation (G1 Evacuation Pause)
Event: 14.596 Executing VM operation: G1CollectForAllocation (G1 Evacuation Pause) done
Event: 14.694 Executing VM operation: HandshakeAllThreads (Deoptimize)
Event: 14.694 Executing VM operation: HandshakeAllThreads (Deoptimize) done
Event: 15.151 Executing VM operation: HandshakeAllThreads (Deoptimize)
Event: 15.151 Executing VM operation: HandshakeAllThreads (Deoptimize) done
Event: 15.543 Executing VM operation: HandshakeAllThreads (Deoptimize)
Event: 15.543 Executing VM operation: HandshakeAllThreads (Deoptimize) done
Event: 15.547 Executing VM operation: HandshakeAllThreads (Deoptimize)
Event: 15.547 Executing VM operation: HandshakeAllThreads (Deoptimize) done
Event: 15.893 Executing VM operation: G1CollectForAllocation (G1 Evacuation Pause)
Event: 15.907 Executing VM operation: G1CollectForAllocation (G1 Evacuation Pause) done
Event: 15.958 Executing VM operation: HandshakeAllThreads (Deoptimize)
Event: 15.959 Executing VM operation: HandshakeAllThreads (Deoptimize) done
Event: 15.979 Executing VM operation: G1PauseRemark
Event: 15.991 Executing VM operation: G1PauseRemark done
Event: 16.015 Executing VM operation: G1PauseCleanup
Event: 16.015 Executing VM operation: G1PauseCleanup done

Memory protections (0 events):
No events

Nmethod flushes (20 events):
Event: 15.990 Thread 0x0000029530c2e2d0 flushing  nmethod 0x000002951d562608
Event: 15.990 Thread 0x0000029530c2e2d0 flushing  nmethod 0x000002951d563408
Event: 15.990 Thread 0x0000029530c2e2d0 flushing  nmethod 0x000002951d5f0e08
Event: 15.990 Thread 0x0000029530c2e2d0 flushing  nmethod 0x000002951d5f1888
Event: 15.990 Thread 0x0000029530c2e2d0 flushing  nmethod 0x000002951d5f4408
Event: 15.990 Thread 0x0000029530c2e2d0 flushing  nmethod 0x000002951d5f5408
Event: 15.990 Thread 0x0000029530c2e2d0 flushing  nmethod 0x000002951d613088
Event: 15.990 Thread 0x0000029530c2e2d0 flushing  nmethod 0x000002951d62f508
Event: 15.990 Thread 0x0000029530c2e2d0 flushing  nmethod 0x000002951d642888
Event: 15.990 Thread 0x0000029530c2e2d0 flushing  nmethod 0x000002951d684b88
Event: 15.990 Thread 0x0000029530c2e2d0 flushing  nmethod 0x000002951d792088
Event: 15.990 Thread 0x0000029530c2e2d0 flushing  nmethod 0x000002951d792d08
Event: 15.990 Thread 0x0000029530c2e2d0 flushing  nmethod 0x000002951d810c08
Event: 15.990 Thread 0x0000029530c2e2d0 flushing  nmethod 0x000002951d842c88
Event: 15.990 Thread 0x0000029530c2e2d0 flushing  nmethod 0x000002951d892008
Event: 15.990 Thread 0x0000029530c2e2d0 flushing  nmethod 0x000002951d91bd88
Event: 15.990 Thread 0x0000029530c2e2d0 flushing  nmethod 0x000002951d9fd308
Event: 15.990 Thread 0x0000029530c2e2d0 flushing  nmethod 0x000002951da01e88
Event: 15.990 Thread 0x0000029530c2e2d0 flushing  nmethod 0x000002951dbc5b88
Event: 15.990 Thread 0x0000029530c2e2d0 flushing  nmethod 0x000002951dce0c08

Events (20 events):
Event: 0.039 Thread 0x0000029511de12e0 Thread added: 0x0000029530c42fa0
Event: 0.039 Thread 0x0000029511de12e0 Thread added: 0x0000029530c43ad0
Event: 0.039 Thread 0x0000029511de12e0 Thread added: 0x0000029530c44600
Event: 0.039 Thread 0x0000029511de12e0 Thread added: 0x0000029530c45260
Event: 0.039 Thread 0x0000029511de12e0 Thread added: 0x0000029530c516c0
Event: 0.039 Thread 0x0000029511de12e0 Thread added: 0x0000029530c554c0
Event: 0.050 Thread 0x0000029511de12e0 Thread added: 0x0000029530c6e850
Event: 0.054 Thread 0x0000029511de12e0 Thread added: 0x000002957609cb80
Event: 0.077 Thread 0x0000029530c554c0 Thread added: 0x00000295761335a0
Event: 0.087 Thread 0x00000295761335a0 Thread added: 0x0000029576134ee0
Event: 0.582 Thread 0x0000029576134ee0 Thread exited: 0x0000029576134ee0
Event: 0.582 Thread 0x00000295761335a0 Thread exited: 0x00000295761335a0
Event: 1.493 Thread 0x0000029530c516c0 Thread added: 0x00000295769eead0
Event: 1.949 Thread 0x00000295769eead0 Thread exited: 0x00000295769eead0
Event: 2.690 Thread 0x0000029530c554c0 Thread added: 0x00000295774738c0
Event: 11.265 Thread 0x0000029530c554c0 Thread added: 0x0000029577d11510
Event: 16.118 Thread 0x0000029577d11510 Thread exited: 0x0000029577d11510
Event: 16.287 Thread 0x0000029530c554c0 Thread added: 0x00000295774747e0
Event: 16.661 Thread 0x00000295774747e0 Thread exited: 0x00000295774747e0
Event: 16.745 Thread 0x0000029530c554c0 Thread added: 0x00000295774747e0


Dynamic libraries:
0x00007ff614c60000 - 0x00007ff614c70000 	C:\Program Files\Java\jdk-24\bin\java.exe
0x00007ffe58310000 - 0x00007ffe58527000 	C:\WINDOWS\SYSTEM32\ntdll.dll
0x00007ffe561d0000 - 0x00007ffe56294000 	C:\WINDOWS\System32\KERNEL32.DLL
0x00007ffe55910000 - 0x00007ffe55ce2000 	C:\WINDOWS\System32\KERNELBASE.dll
0x00007ffe555a0000 - 0x00007ffe556b1000 	C:\WINDOWS\System32\ucrtbase.dll
0x00007ffe2e470000 - 0x00007ffe2e48b000 	C:\Program Files\Java\jdk-24\bin\VCRUNTIME140.dll
0x00007ffe2e450000 - 0x00007ffe2e466000 	C:\Program Files\Java\jdk-24\bin\jli.dll
0x00007ffe57520000 - 0x00007ffe576d1000 	C:\WINDOWS\System32\USER32.dll
0x00007ffe546d0000 - 0x00007ffe5496b000 	C:\WINDOWS\WinSxS\amd64_microsoft.windows.common-controls_6595b64144ccf1df_6.0.22621.5547_none_27104afb73855772\COMCTL32.dll
0x00007ffe55400000 - 0x00007ffe55426000 	C:\WINDOWS\System32\win32u.dll
0x00007ffe56650000 - 0x00007ffe56679000 	C:\WINDOWS\System32\GDI32.dll
0x00007ffe57350000 - 0x00007ffe573f7000 	C:\WINDOWS\System32\msvcrt.dll
0x00007ffe557e0000 - 0x00007ffe55903000 	C:\WINDOWS\System32\gdi32full.dll
0x00007ffe556c0000 - 0x00007ffe5575a000 	C:\WINDOWS\System32\msvcp_win.dll
0x00007ffe577e0000 - 0x00007ffe57811000 	C:\WINDOWS\System32\IMM32.DLL
0x00007ffe51400000 - 0x00007ffe5140c000 	C:\Program Files\Java\jdk-24\bin\vcruntime140_1.dll
0x00007ffe2e3c0000 - 0x00007ffe2e44e000 	C:\Program Files\Java\jdk-24\bin\msvcp140.dll
0x00007ffe0b8e0000 - 0x00007ffe0c682000 	C:\Program Files\Java\jdk-24\bin\server\jvm.dll
0x00007ffe56000000 - 0x00007ffe560b1000 	C:\WINDOWS\System32\ADVAPI32.dll
0x00007ffe56fc0000 - 0x00007ffe57068000 	C:\WINDOWS\System32\sechost.dll
0x00007ffe55ef0000 - 0x00007ffe55f18000 	C:\WINDOWS\System32\bcrypt.dll
0x00007ffe57230000 - 0x00007ffe57344000 	C:\WINDOWS\System32\RPCRT4.dll
0x00007ffe57aa0000 - 0x00007ffe57b11000 	C:\WINDOWS\System32\WS2_32.dll
0x00007ffe552d0000 - 0x00007ffe5531d000 	C:\WINDOWS\SYSTEM32\POWRPROF.dll
0x00007ffe4f600000 - 0x00007ffe4f60a000 	C:\WINDOWS\SYSTEM32\VERSION.dll
0x00007ffe46920000 - 0x00007ffe46954000 	C:\WINDOWS\SYSTEM32\WINMM.dll
0x00007ffe552b0000 - 0x00007ffe552c3000 	C:\WINDOWS\SYSTEM32\UMPDC.dll
0x00007ffe53b60000 - 0x00007ffe53b78000 	C:\WINDOWS\SYSTEM32\kernel.appcore.dll
0x00007ffe3f450000 - 0x00007ffe3f45a000 	C:\Program Files\Java\jdk-24\bin\jimage.dll
0x00007ffe54c70000 - 0x00007ffe54ea3000 	C:\WINDOWS\SYSTEM32\DBGHELP.DLL
0x00007ffe562a0000 - 0x00007ffe56633000 	C:\WINDOWS\System32\combase.dll
0x00007ffe57820000 - 0x00007ffe578f7000 	C:\WINDOWS\System32\OLEAUT32.dll
0x00007ffe54b60000 - 0x00007ffe54b92000 	C:\WINDOWS\SYSTEM32\dbgcore.DLL
0x00007ffe55760000 - 0x00007ffe557db000 	C:\WINDOWS\System32\bcryptPrimitives.dll
0x00007ffe263d0000 - 0x00007ffe263ee000 	C:\Program Files\Java\jdk-24\bin\java.dll
0x00007ffe57900000 - 0x00007ffe57aa0000 	C:\WINDOWS\System32\ole32.dll
0x00007ffe56680000 - 0x00007ffe56f22000 	C:\WINDOWS\System32\SHELL32.dll
0x00007ffe55cf0000 - 0x00007ffe55e2f000 	C:\WINDOWS\System32\wintypes.dll
0x00007ffe528e0000 - 0x00007ffe531fd000 	C:\WINDOWS\SYSTEM32\windows.storage.dll
0x00007ffe57400000 - 0x00007ffe5750c000 	C:\WINDOWS\System32\SHCORE.dll
0x00007ffe571c0000 - 0x00007ffe57229000 	C:\WINDOWS\System32\shlwapi.dll
0x00007ffe55330000 - 0x00007ffe5535b000 	C:\WINDOWS\SYSTEM32\profapi.dll
0x00007ffe23720000 - 0x00007ffe237f7000 	C:\Program Files\Java\jdk-24\bin\jsvml.dll
0x00007ffe27240000 - 0x00007ffe27250000 	C:\Program Files\Java\jdk-24\bin\net.dll
0x00007ffe53fa0000 - 0x00007ffe54009000 	C:\WINDOWS\system32\mswsock.dll
0x00007ffe26390000 - 0x00007ffe263a6000 	C:\Program Files\Java\jdk-24\bin\nio.dll
0x00007ffe263b0000 - 0x00007ffe263c7000 	C:\Program Files\Java\jdk-24\bin\zip.dll
0x00007ffe27200000 - 0x00007ffe27210000 	C:\Program Files\Java\jdk-24\bin\verify.dll

dbghelp: loaded successfully - version: 4.0.5 - missing functions: none
symbol engine: initialized successfully - sym options: 0x614 - pdb path: .;C:\Program Files\Java\jdk-24\bin;C:\WINDOWS\SYSTEM32;C:\WINDOWS\WinSxS\amd64_microsoft.windows.common-controls_6595b64144ccf1df_6.0.22621.5547_none_27104afb73855772;C:\Program Files\Java\jdk-24\bin\server

VM Arguments:
java_command: org.jetbrains.kotlin.cli.jvm.K2JVMCompiler @C:\Install\flutter\packages\flutter_tools\gradle\build\20250710_2866489682092744225.compiler.options
java_class_path (initial): C:\Users\Aluno\.gradle\caches\modules-2\files-2.1\org.jetbrains.kotlin\kotlin-compiler-embeddable\2.0.21\79346ed53db48b18312a472602eb5c057070c54d\kotlin-compiler-embeddable-2.0.21.jar;C:\Users\Aluno\.gradle\caches\modules-2\files-2.1\org.jetbrains.kotlin\kotlin-stdlib\2.0.21\618b539767b4899b4660a83006e052b63f1db551\kotlin-stdlib-2.0.21.jar;C:\Users\Aluno\.gradle\caches\modules-2\files-2.1\org.jetbrains.kotlin\kotlin-script-runtime\2.0.21\c9b044380ad41f89aa89aa896c2d32a8c0b2129d\kotlin-script-runtime-2.0.21.jar;C:\Users\Aluno\.gradle\caches\modules-2\files-2.1\org.jetbrains.kotlin\kotlin-reflect\1.6.10\1cbe9c92c12a94eea200d23c2bbaedaf3daf5132\kotlin-reflect-1.6.10.jar;C:\Users\Aluno\.gradle\caches\modules-2\files-2.1\org.jetbrains.kotlin\kotlin-daemon-embeddable\2.0.21\c9e933b23287de9b5a17e2116b4657bb91aea72c\kotlin-daemon-embeddable-2.0.21.jar;C:\Users\Aluno\.gradle\caches\modules-2\files-2.1\org.jetbrains.intellij.deps\trove4j\1.0.20200330\3afb14d5f9ceb459d724e907a21145e8ff394f02\trove4j-1.0.20200330.jar;C:\Users\Aluno\.gradle\caches\modules-2\files-2.1\org.jetbrains.kotlinx\kotlinx-coroutines-core-jvm\1.6.4\2c997cd1c0ef33f3e751d3831929aeff1390cb30\kotlinx-coroutines-core-jvm-1.6.4.jar;C:\Users\Aluno\.gradle\caches\modules-2\files-2.1\org.jetbrains\annotations\13.0\919f0dfe192fb4e063e7dacadee7f8bb9a2672a9\annotations-13.0.jar
Launcher Type: SUN_STANDARD

[Global flags]
     intx CICompilerCount                          = 4                                         {product} {ergonomic}
     uint ConcGCThreads                            = 2                                         {product} {ergonomic}
     uint G1ConcRefinementThreads                  = 8                                         {product} {ergonomic}
   size_t G1HeapRegionSize                         = 1048576                                   {product} {ergonomic}
   size_t InitialHeapSize                          = 125829120                                 {product} {ergonomic}
   size_t MarkStackSize                            = 4194304                                   {product} {ergonomic}
   size_t MarkStackSizeMax                         = 536870912                                 {product} {ergonomic}
   size_t MaxHeapSize                              = 1988100096                                {product} {ergonomic}
   size_t MaxNewSize                               = 1192230912                                {product} {ergonomic}
   size_t MinHeapDeltaBytes                        = 1048576                                   {product} {ergonomic}
   size_t MinHeapSize                              = 8388608                                   {product} {ergonomic}
    uintx NonNMethodCodeHeapSize                   = 5832704                                {pd product} {ergonomic}
    uintx NonProfiledCodeHeapSize                  = 122945536                              {pd product} {ergonomic}
    uintx ProfiledCodeHeapSize                     = 122880000                              {pd product} {ergonomic}
    uintx ReservedCodeCacheSize                    = 251658240                              {pd product} {ergonomic}
     bool SegmentedCodeCache                       = true                                      {product} {ergonomic}
   size_t SoftMaxHeapSize                          = 1988100096                             {manageable} {ergonomic}
     bool UseCompressedOops                        = true                           {product lp64_product} {ergonomic}
     bool UseG1GC                                  = true                                      {product} {ergonomic}
     bool UseLargePagesIndividualAllocation        = false                                  {pd product} {ergonomic}

Logging:
Log output configuration:
 #0: stdout all=warning uptime,level,tags foldmultilines=false
 #1: stderr all=off uptime,level,tags foldmultilines=false

Environment Variables:
JAVA_HOME=C:\Program Files\Java\jdk-24
CLASSPATH=C:\GNAT\2014\lib\ajis.jar;C:\Program Files\Java\jdk-24\lib;C:\Program Files\Java\jdk-24\lib\tools.jar;C:\Program Files\Java\jdk-24\lib\dt.jar;C:\Program Files\Java\jdk-24\lib\htmlconverter.jar;C:\Program Files\Java\jdk-24\jre\lib;C:\Program Files\Java\jdk-24\jre\lib\rt.jar;
PATH=C:\GtkAda\bin;C:\SPARK\gpl-2014\bin;C:\GNAT\2014\bin;C:\Program Files\Python310\Scripts\;C:\Program Files\Python310\;C:\Program Files\Common Files\Oracle\Java\javapath;C:\Program Files (x86)\Common Files\Oracle\Java\java8path;C:\Program Files (x86)\Common Files\Oracle\Java\javapath;C:\WINDOWS\system32;C:\WINDOWS;C:\WINDOWS\System32\Wbem;C:\WINDOWS\System32\WindowsPowerShell\v1.0\;C:\WINDOWS\System32\OpenSSH\;C:\Program Files\swipl\bin;C:\Program Files (x86)\Microchip\MPLAB C32 Suite\bin;C:\Program Files\nodejs\;C:\Program Files\Microsoft VS Code\bin;C:\Program Files\Java\jdk-24\bin;C:\ProgramData\chocolatey\bin;C:\Program Files\MongoDB\Server\5.0\bin;C:\Program Files\MongoDB\Tools\100\bin;C:\sqlite;C:\Program Files\MATLAB\R2014a\runtime\win64;C:\Program Files\MATLAB\R2014a\bin;C:\Program Files\Calibre2\;C:\Program Files\Git\cmd;C:\Program Files (x86)\Windows Kits\10\Windows Performance Toolkit\;C:\Install\flutter\bin;C:\Users\Aluno\AppData\Local\Microsoft\WindowsApps;C:\Users\Aluno\AppData\Local\Programs\mongosh\;C:\Users\Aluno\Downloads\flutter\bin;C:\Users\Aluno\AppData\Local\Pub\Cache\bin;C:\Users\Aluno\AppData\Local\Programs\Git\cmd;C:\Users\Aluno\AppData\Local\Microsoft\WinGet\Packages\Google.DartSDK_Microsoft.Winget.Source_8wekyb3d8bbwe\dart-sdk\bin;
USERNAME=Aluno
OS=Windows_NT
PROCESSOR_IDENTIFIER=Intel64 Family 6 Model 165 Stepping 3, GenuineIntel
TMP=C:\Users\Aluno\AppData\Local\Temp
TEMP=C:\Users\Aluno\AppData\Local\Temp




Periodic native trim disabled

---------------  S Y S T E M  ---------------

OS:
 Windows 11 , 64 bit Build 22621 (10.0.22621.5415)
OS uptime: 0 days 0:05 hours

CPU: total 8 (initial active 8) (4 cores per cpu, 2 threads per core) family 6 model 165 stepping 3 microcode 0xe0, cx8, cmov, fxsr, ht, mmx, 3dnowpref, sse, sse2, sse3, ssse3, sse4.1, sse4.2, popcnt, lzcnt, tsc, tscinvbit, avx, avx2, aes, erms, clmul, bmi1, bmi2, adx, fma, vzeroupper, clflush, clflushopt, rdtscp, f16c
Processor Information for the first 8 processors :
  Max Mhz: 2901, Current Mhz: 2901, Mhz Limit: 2901

Memory: 4k page, system-wide physical 7582M (859M free)
TotalPageFile size 12496M (AvailPageFile size 2488M)
current process WorkingSet (physical memory assigned to process): 351M, peak: 360M
current process commit charge ("private bytes"): 388M, peak: 407M

vm_info: Java HotSpot(TM) 64-Bit Server VM (24+36-3646) for windows-amd64 JRE (24+36-3646), built on 2025-02-06T00:20:43Z with MS VC++ 17.6 (VS2022)

END.
